04:05:28.624 [main] DEBUG o.m.s.mapper.ClassPathMapperScanner - Identified candidate component class: file [D:\idea\project\MyMovieProject\target\classes\com\zking\mapper\IMovieMapper.class]
04:05:28.638 [main] DEBUG o.m.s.mapper.ClassPathMapperScanner - Identified candidate component class: file [D:\idea\project\MyMovieProject\target\classes\com\zking\mapper\IMovieTypeMapper.class]
04:05:28.646 [main] DEBUG o.m.s.mapper.ClassPathMapperScanner - Identified candidate component class: file [D:\idea\project\MyMovieProject\target\classes\com\zking\mapper\IUserMapper.class]
04:05:28.666 [main] DEBUG o.m.s.mapper.ClassPathMapperScanner - Creating MapperFactoryBean with name 'IMovieMapper' and 'com.zking.mapper.IMovieMapper' mapperInterface
04:05:28.671 [main] DEBUG o.m.s.mapper.ClassPathMapperScanner - Enabling autowire by type for MapperFactoryBean with name 'IMovieMapper'.
04:05:28.671 [main] DEBUG o.m.s.mapper.ClassPathMapperScanner - Creating MapperFactoryBean with name 'IMovieTypeMapper' and 'com.zking.mapper.IMovieTypeMapper' mapperInterface
04:05:28.672 [main] DEBUG o.m.s.mapper.ClassPathMapperScanner - Enabling autowire by type for MapperFactoryBean with name 'IMovieTypeMapper'.
04:05:28.672 [main] DEBUG o.m.s.mapper.ClassPathMapperScanner - Creating MapperFactoryBean with name 'IUserMapper' and 'com.zking.mapper.IUserMapper' mapperInterface
04:05:28.672 [main] DEBUG o.m.s.mapper.ClassPathMapperScanner - Enabling autowire by type for MapperFactoryBean with name 'IUserMapper'.
04:05:29.315 [main] DEBUG c.b.m.e.s.MybatisSqlSessionFactoryBean - Registered plugin: 'com.baomidou.mybatisplus.extension.plugins.MybatisPlusInterceptor@258d79be'
04:05:29.541 [main] DEBUG c.b.m.e.s.MybatisSqlSessionFactoryBean - Parsed mapper file: 'file [D:\idea\project\MyMovieProject\target\classes\mapper\movieMapper.xml]'
04:05:29.590 [main] DEBUG c.b.m.e.s.MybatisSqlSessionFactoryBean - Parsed mapper file: 'file [D:\idea\project\MyMovieProject\target\classes\mapper\userMapper.xml]'
04:05:30.783 [main] DEBUG org.mybatis.spring.SqlSessionUtils - Creating a new SqlSession
04:05:30.794 [main] DEBUG org.mybatis.spring.SqlSessionUtils - Registering transaction synchronization for SqlSession [org.apache.ibatis.session.defaults.DefaultSqlSession@64b31700]
04:05:30.899 [main] DEBUG o.m.s.t.SpringManagedTransaction - JDBC Connection [com.mysql.cj.jdbc.ConnectionImpl@3ecedf21] will be managed by Spring
04:05:30.959 [main] DEBUG org.mybatis.spring.SqlSessionUtils - Releasing transactional SqlSession [org.apache.ibatis.session.defaults.DefaultSqlSession@64b31700]
04:05:30.959 [main] DEBUG org.mybatis.spring.SqlSessionUtils - Transaction synchronization committing SqlSession [org.apache.ibatis.session.defaults.DefaultSqlSession@64b31700]
04:05:30.960 [main] DEBUG org.mybatis.spring.SqlSessionUtils - Transaction synchronization deregistering SqlSession [org.apache.ibatis.session.defaults.DefaultSqlSession@64b31700]
04:05:30.960 [main] DEBUG org.mybatis.spring.SqlSessionUtils - Transaction synchronization closing SqlSession [org.apache.ibatis.session.defaults.DefaultSqlSession@64b31700]
04:05:30.967 [main] DEBUG org.mybatis.spring.SqlSessionUtils - Creating a new SqlSession
04:05:30.967 [main] DEBUG org.mybatis.spring.SqlSessionUtils - Registering transaction synchronization for SqlSession [org.apache.ibatis.session.defaults.DefaultSqlSession@edf4f36]
04:05:30.988 [main] DEBUG o.m.s.t.SpringManagedTransaction - JDBC Connection [com.mysql.cj.jdbc.ConnectionImpl@3c4bc9fc] will be managed by Spring
04:05:30.992 [main] DEBUG org.mybatis.spring.SqlSessionUtils - Releasing transactional SqlSession [org.apache.ibatis.session.defaults.DefaultSqlSession@edf4f36]
04:05:30.993 [main] DEBUG org.mybatis.spring.SqlSessionUtils - Transaction synchronization deregistering SqlSession [org.apache.ibatis.session.defaults.DefaultSqlSession@edf4f36]
04:05:30.993 [main] DEBUG org.mybatis.spring.SqlSessionUtils - Transaction synchronization closing SqlSession [org.apache.ibatis.session.defaults.DefaultSqlSession@edf4f36]
04:08:48.323 [main] DEBUG o.m.s.mapper.ClassPathMapperScanner - Identified candidate component class: file [D:\idea\project\MyMovieProject\target\classes\com\zking\mapper\IMovieMapper.class]
04:08:48.325 [main] DEBUG o.m.s.mapper.ClassPathMapperScanner - Identified candidate component class: file [D:\idea\project\MyMovieProject\target\classes\com\zking\mapper\IMovieTypeMapper.class]
04:08:48.325 [main] DEBUG o.m.s.mapper.ClassPathMapperScanner - Identified candidate component class: file [D:\idea\project\MyMovieProject\target\classes\com\zking\mapper\IUserMapper.class]
04:08:48.337 [main] DEBUG o.m.s.mapper.ClassPathMapperScanner - Creating MapperFactoryBean with name 'IMovieMapper' and 'com.zking.mapper.IMovieMapper' mapperInterface
04:08:48.344 [main] DEBUG o.m.s.mapper.ClassPathMapperScanner - Enabling autowire by type for MapperFactoryBean with name 'IMovieMapper'.
04:08:48.344 [main] DEBUG o.m.s.mapper.ClassPathMapperScanner - Creating MapperFactoryBean with name 'IMovieTypeMapper' and 'com.zking.mapper.IMovieTypeMapper' mapperInterface
04:08:48.345 [main] DEBUG o.m.s.mapper.ClassPathMapperScanner - Enabling autowire by type for MapperFactoryBean with name 'IMovieTypeMapper'.
04:08:48.345 [main] DEBUG o.m.s.mapper.ClassPathMapperScanner - Creating MapperFactoryBean with name 'IUserMapper' and 'com.zking.mapper.IUserMapper' mapperInterface
04:08:48.346 [main] DEBUG o.m.s.mapper.ClassPathMapperScanner - Enabling autowire by type for MapperFactoryBean with name 'IUserMapper'.
04:08:48.794 [main] DEBUG c.b.m.e.s.MybatisSqlSessionFactoryBean - Registered plugin: 'com.baomidou.mybatisplus.extension.plugins.MybatisPlusInterceptor@7d898981'
04:08:49.062 [main] DEBUG c.b.m.e.s.MybatisSqlSessionFactoryBean - Parsed mapper file: 'file [D:\idea\project\MyMovieProject\target\classes\mapper\movieMapper.xml]'
04:08:49.097 [main] DEBUG c.b.m.e.s.MybatisSqlSessionFactoryBean - Parsed mapper file: 'file [D:\idea\project\MyMovieProject\target\classes\mapper\userMapper.xml]'
04:08:50.229 [main] DEBUG org.mybatis.spring.SqlSessionUtils - Creating a new SqlSession
04:08:50.236 [main] DEBUG org.mybatis.spring.SqlSessionUtils - Registering transaction synchronization for SqlSession [org.apache.ibatis.session.defaults.DefaultSqlSession@308a6984]
04:08:50.348 [main] DEBUG o.m.s.t.SpringManagedTransaction - JDBC Connection [com.mysql.cj.jdbc.ConnectionImpl@2ba45490] will be managed by Spring
04:08:50.425 [main] DEBUG org.mybatis.spring.SqlSessionUtils - Releasing transactional SqlSession [org.apache.ibatis.session.defaults.DefaultSqlSession@308a6984]
04:08:50.426 [main] DEBUG org.mybatis.spring.SqlSessionUtils - Transaction synchronization committing SqlSession [org.apache.ibatis.session.defaults.DefaultSqlSession@308a6984]
04:08:50.426 [main] DEBUG org.mybatis.spring.SqlSessionUtils - Transaction synchronization deregistering SqlSession [org.apache.ibatis.session.defaults.DefaultSqlSession@308a6984]
04:08:50.426 [main] DEBUG org.mybatis.spring.SqlSessionUtils - Transaction synchronization closing SqlSession [org.apache.ibatis.session.defaults.DefaultSqlSession@308a6984]
04:08:50.436 [main] DEBUG org.mybatis.spring.SqlSessionUtils - Creating a new SqlSession
04:08:50.437 [main] DEBUG org.mybatis.spring.SqlSessionUtils - Registering transaction synchronization for SqlSession [org.apache.ibatis.session.defaults.DefaultSqlSession@367795c7]
04:08:50.463 [main] DEBUG o.m.s.t.SpringManagedTransaction - JDBC Connection [com.mysql.cj.jdbc.ConnectionImpl@100f9bbe] will be managed by Spring
04:08:50.468 [main] DEBUG org.mybatis.spring.SqlSessionUtils - Releasing transactional SqlSession [org.apache.ibatis.session.defaults.DefaultSqlSession@367795c7]
04:08:50.468 [main] DEBUG org.mybatis.spring.SqlSessionUtils - Transaction synchronization deregistering SqlSession [org.apache.ibatis.session.defaults.DefaultSqlSession@367795c7]
04:08:50.468 [main] DEBUG org.mybatis.spring.SqlSessionUtils - Transaction synchronization closing SqlSession [org.apache.ibatis.session.defaults.DefaultSqlSession@367795c7]
05:29:21.105 [main] DEBUG o.m.s.mapper.ClassPathMapperScanner - Identified candidate component class: file [D:\idea\project\MyMovieProject\target\classes\com\zking\mapper\IMovieMapper.class]
05:29:21.106 [main] DEBUG o.m.s.mapper.ClassPathMapperScanner - Identified candidate component class: file [D:\idea\project\MyMovieProject\target\classes\com\zking\mapper\IMovieTypeMapper.class]
05:29:21.107 [main] DEBUG o.m.s.mapper.ClassPathMapperScanner - Identified candidate component class: file [D:\idea\project\MyMovieProject\target\classes\com\zking\mapper\IUserMapper.class]
05:29:21.118 [main] DEBUG o.m.s.mapper.ClassPathMapperScanner - Creating MapperFactoryBean with name 'IMovieMapper' and 'com.zking.mapper.IMovieMapper' mapperInterface
05:29:21.120 [main] DEBUG o.m.s.mapper.ClassPathMapperScanner - Enabling autowire by type for MapperFactoryBean with name 'IMovieMapper'.
05:29:21.121 [main] DEBUG o.m.s.mapper.ClassPathMapperScanner - Creating MapperFactoryBean with name 'IMovieTypeMapper' and 'com.zking.mapper.IMovieTypeMapper' mapperInterface
05:29:21.121 [main] DEBUG o.m.s.mapper.ClassPathMapperScanner - Enabling autowire by type for MapperFactoryBean with name 'IMovieTypeMapper'.
05:29:21.121 [main] DEBUG o.m.s.mapper.ClassPathMapperScanner - Creating MapperFactoryBean with name 'IUserMapper' and 'com.zking.mapper.IUserMapper' mapperInterface
05:29:21.121 [main] DEBUG o.m.s.mapper.ClassPathMapperScanner - Enabling autowire by type for MapperFactoryBean with name 'IUserMapper'.
05:29:21.503 [main] DEBUG c.b.m.e.s.MybatisSqlSessionFactoryBean - Registered plugin: 'com.baomidou.mybatisplus.extension.plugins.MybatisPlusInterceptor@7d898981'
05:29:21.709 [main] DEBUG c.b.m.e.s.MybatisSqlSessionFactoryBean - Parsed mapper file: 'file [D:\idea\project\MyMovieProject\target\classes\mapper\movieMapper.xml]'
05:29:21.757 [main] DEBUG c.b.m.e.s.MybatisSqlSessionFactoryBean - Parsed mapper file: 'file [D:\idea\project\MyMovieProject\target\classes\mapper\userMapper.xml]'
05:29:22.766 [main] DEBUG org.mybatis.spring.SqlSessionUtils - Creating a new SqlSession
05:29:22.773 [main] DEBUG org.mybatis.spring.SqlSessionUtils - Registering transaction synchronization for SqlSession [org.apache.ibatis.session.defaults.DefaultSqlSession@308a6984]
05:29:22.865 [main] DEBUG o.m.s.t.SpringManagedTransaction - JDBC Connection [com.mysql.cj.jdbc.ConnectionImpl@2ba45490] will be managed by Spring
05:29:22.915 [main] DEBUG org.mybatis.spring.SqlSessionUtils - Releasing transactional SqlSession [org.apache.ibatis.session.defaults.DefaultSqlSession@308a6984]
05:29:22.915 [main] DEBUG org.mybatis.spring.SqlSessionUtils - Transaction synchronization committing SqlSession [org.apache.ibatis.session.defaults.DefaultSqlSession@308a6984]
05:29:22.916 [main] DEBUG org.mybatis.spring.SqlSessionUtils - Transaction synchronization deregistering SqlSession [org.apache.ibatis.session.defaults.DefaultSqlSession@308a6984]
05:29:22.916 [main] DEBUG org.mybatis.spring.SqlSessionUtils - Transaction synchronization closing SqlSession [org.apache.ibatis.session.defaults.DefaultSqlSession@308a6984]
05:29:45.901 [main] DEBUG o.m.s.mapper.ClassPathMapperScanner - Identified candidate component class: file [D:\idea\project\MyMovieProject\target\classes\com\zking\mapper\IMovieMapper.class]
05:29:45.904 [main] DEBUG o.m.s.mapper.ClassPathMapperScanner - Identified candidate component class: file [D:\idea\project\MyMovieProject\target\classes\com\zking\mapper\IMovieTypeMapper.class]
05:29:45.904 [main] DEBUG o.m.s.mapper.ClassPathMapperScanner - Identified candidate component class: file [D:\idea\project\MyMovieProject\target\classes\com\zking\mapper\IUserMapper.class]
05:29:45.921 [main] DEBUG o.m.s.mapper.ClassPathMapperScanner - Creating MapperFactoryBean with name 'IMovieMapper' and 'com.zking.mapper.IMovieMapper' mapperInterface
05:29:45.925 [main] DEBUG o.m.s.mapper.ClassPathMapperScanner - Enabling autowire by type for MapperFactoryBean with name 'IMovieMapper'.
05:29:45.925 [main] DEBUG o.m.s.mapper.ClassPathMapperScanner - Creating MapperFactoryBean with name 'IMovieTypeMapper' and 'com.zking.mapper.IMovieTypeMapper' mapperInterface
05:29:45.926 [main] DEBUG o.m.s.mapper.ClassPathMapperScanner - Enabling autowire by type for MapperFactoryBean with name 'IMovieTypeMapper'.
05:29:45.926 [main] DEBUG o.m.s.mapper.ClassPathMapperScanner - Creating MapperFactoryBean with name 'IUserMapper' and 'com.zking.mapper.IUserMapper' mapperInterface
05:29:45.926 [main] DEBUG o.m.s.mapper.ClassPathMapperScanner - Enabling autowire by type for MapperFactoryBean with name 'IUserMapper'.
05:29:46.308 [main] DEBUG c.b.m.e.s.MybatisSqlSessionFactoryBean - Registered plugin: 'com.baomidou.mybatisplus.extension.plugins.MybatisPlusInterceptor@7d898981'
05:29:46.512 [main] DEBUG c.b.m.e.s.MybatisSqlSessionFactoryBean - Parsed mapper file: 'file [D:\idea\project\MyMovieProject\target\classes\mapper\movieMapper.xml]'
05:29:46.559 [main] DEBUG c.b.m.e.s.MybatisSqlSessionFactoryBean - Parsed mapper file: 'file [D:\idea\project\MyMovieProject\target\classes\mapper\userMapper.xml]'
05:29:47.541 [main] DEBUG org.mybatis.spring.SqlSessionUtils - Creating a new SqlSession
05:29:47.547 [main] DEBUG org.mybatis.spring.SqlSessionUtils - Registering transaction synchronization for SqlSession [org.apache.ibatis.session.defaults.DefaultSqlSession@308a6984]
05:29:47.636 [main] DEBUG o.m.s.t.SpringManagedTransaction - JDBC Connection [com.mysql.cj.jdbc.ConnectionImpl@2ba45490] will be managed by Spring
05:29:47.690 [main] DEBUG org.mybatis.spring.SqlSessionUtils - Releasing transactional SqlSession [org.apache.ibatis.session.defaults.DefaultSqlSession@308a6984]
05:29:47.691 [main] DEBUG org.mybatis.spring.SqlSessionUtils - Transaction synchronization committing SqlSession [org.apache.ibatis.session.defaults.DefaultSqlSession@308a6984]
05:29:47.691 [main] DEBUG org.mybatis.spring.SqlSessionUtils - Transaction synchronization deregistering SqlSession [org.apache.ibatis.session.defaults.DefaultSqlSession@308a6984]
05:29:47.691 [main] DEBUG org.mybatis.spring.SqlSessionUtils - Transaction synchronization closing SqlSession [org.apache.ibatis.session.defaults.DefaultSqlSession@308a6984]
05:31:04.727 [main] DEBUG o.m.s.mapper.ClassPathMapperScanner - Identified candidate component class: file [D:\idea\project\MyMovieProject\target\classes\com\zking\mapper\IMovieMapper.class]
05:31:04.729 [main] DEBUG o.m.s.mapper.ClassPathMapperScanner - Identified candidate component class: file [D:\idea\project\MyMovieProject\target\classes\com\zking\mapper\IMovieTypeMapper.class]
05:31:04.730 [main] DEBUG o.m.s.mapper.ClassPathMapperScanner - Identified candidate component class: file [D:\idea\project\MyMovieProject\target\classes\com\zking\mapper\IUserMapper.class]
05:31:04.740 [main] DEBUG o.m.s.mapper.ClassPathMapperScanner - Creating MapperFactoryBean with name 'IMovieMapper' and 'com.zking.mapper.IMovieMapper' mapperInterface
05:31:04.743 [main] DEBUG o.m.s.mapper.ClassPathMapperScanner - Enabling autowire by type for MapperFactoryBean with name 'IMovieMapper'.
05:31:04.743 [main] DEBUG o.m.s.mapper.ClassPathMapperScanner - Creating MapperFactoryBean with name 'IMovieTypeMapper' and 'com.zking.mapper.IMovieTypeMapper' mapperInterface
05:31:04.743 [main] DEBUG o.m.s.mapper.ClassPathMapperScanner - Enabling autowire by type for MapperFactoryBean with name 'IMovieTypeMapper'.
05:31:04.743 [main] DEBUG o.m.s.mapper.ClassPathMapperScanner - Creating MapperFactoryBean with name 'IUserMapper' and 'com.zking.mapper.IUserMapper' mapperInterface
05:31:04.744 [main] DEBUG o.m.s.mapper.ClassPathMapperScanner - Enabling autowire by type for MapperFactoryBean with name 'IUserMapper'.
05:31:05.135 [main] DEBUG c.b.m.e.s.MybatisSqlSessionFactoryBean - Registered plugin: 'com.baomidou.mybatisplus.extension.plugins.MybatisPlusInterceptor@7d898981'
05:31:05.341 [main] DEBUG c.b.m.e.s.MybatisSqlSessionFactoryBean - Parsed mapper file: 'file [D:\idea\project\MyMovieProject\target\classes\mapper\movieMapper.xml]'
05:31:05.387 [main] DEBUG c.b.m.e.s.MybatisSqlSessionFactoryBean - Parsed mapper file: 'file [D:\idea\project\MyMovieProject\target\classes\mapper\userMapper.xml]'
05:31:06.368 [main] DEBUG org.mybatis.spring.SqlSessionUtils - Creating a new SqlSession
05:31:06.375 [main] DEBUG org.mybatis.spring.SqlSessionUtils - Registering transaction synchronization for SqlSession [org.apache.ibatis.session.defaults.DefaultSqlSession@308a6984]
05:31:06.459 [main] DEBUG o.m.s.t.SpringManagedTransaction - JDBC Connection [com.mysql.cj.jdbc.ConnectionImpl@2ba45490] will be managed by Spring
05:31:06.510 [main] DEBUG org.mybatis.spring.SqlSessionUtils - Releasing transactional SqlSession [org.apache.ibatis.session.defaults.DefaultSqlSession@308a6984]
05:31:06.510 [main] DEBUG org.mybatis.spring.SqlSessionUtils - Transaction synchronization committing SqlSession [org.apache.ibatis.session.defaults.DefaultSqlSession@308a6984]
05:31:06.511 [main] DEBUG org.mybatis.spring.SqlSessionUtils - Transaction synchronization deregistering SqlSession [org.apache.ibatis.session.defaults.DefaultSqlSession@308a6984]
05:31:06.511 [main] DEBUG org.mybatis.spring.SqlSessionUtils - Transaction synchronization closing SqlSession [org.apache.ibatis.session.defaults.DefaultSqlSession@308a6984]
14:13:10.498 [main] DEBUG o.m.s.mapper.ClassPathMapperScanner - Identified candidate component class: file [D:\idea\project\MyMovieProject\target\classes\com\zking\mapper\IMovieMapper.class]
14:13:10.507 [main] DEBUG o.m.s.mapper.ClassPathMapperScanner - Identified candidate component class: file [D:\idea\project\MyMovieProject\target\classes\com\zking\mapper\IMovieTypeMapper.class]
14:13:10.508 [main] DEBUG o.m.s.mapper.ClassPathMapperScanner - Identified candidate component class: file [D:\idea\project\MyMovieProject\target\classes\com\zking\mapper\IUserMapper.class]
14:13:10.523 [main] DEBUG o.m.s.mapper.ClassPathMapperScanner - Creating MapperFactoryBean with name 'IMovieMapper' and 'com.zking.mapper.IMovieMapper' mapperInterface
14:13:10.529 [main] DEBUG o.m.s.mapper.ClassPathMapperScanner - Enabling autowire by type for MapperFactoryBean with name 'IMovieMapper'.
14:13:10.530 [main] DEBUG o.m.s.mapper.ClassPathMapperScanner - Creating MapperFactoryBean with name 'IMovieTypeMapper' and 'com.zking.mapper.IMovieTypeMapper' mapperInterface
14:13:10.531 [main] DEBUG o.m.s.mapper.ClassPathMapperScanner - Enabling autowire by type for MapperFactoryBean with name 'IMovieTypeMapper'.
14:13:10.531 [main] DEBUG o.m.s.mapper.ClassPathMapperScanner - Creating MapperFactoryBean with name 'IUserMapper' and 'com.zking.mapper.IUserMapper' mapperInterface
14:13:10.531 [main] DEBUG o.m.s.mapper.ClassPathMapperScanner - Enabling autowire by type for MapperFactoryBean with name 'IUserMapper'.
14:13:11.022 [main] DEBUG c.b.m.e.s.MybatisSqlSessionFactoryBean - Registered plugin: 'com.baomidou.mybatisplus.extension.plugins.MybatisPlusInterceptor@7d898981'
14:13:11.205 [main] DEBUG c.b.m.e.s.MybatisSqlSessionFactoryBean - Parsed mapper file: 'file [D:\idea\project\MyMovieProject\target\classes\mapper\movieMapper.xml]'
14:13:11.242 [main] DEBUG c.b.m.e.s.MybatisSqlSessionFactoryBean - Parsed mapper file: 'file [D:\idea\project\MyMovieProject\target\classes\mapper\userMapper.xml]'
14:13:12.253 [main] DEBUG org.mybatis.spring.SqlSessionUtils - Creating a new SqlSession
14:13:12.262 [main] DEBUG org.mybatis.spring.SqlSessionUtils - Registering transaction synchronization for SqlSession [org.apache.ibatis.session.defaults.DefaultSqlSession@308a6984]
14:13:12.355 [main] DEBUG o.m.s.t.SpringManagedTransaction - JDBC Connection [com.mysql.cj.jdbc.ConnectionImpl@894858] will be managed by Spring
14:13:12.398 [main] DEBUG org.mybatis.spring.SqlSessionUtils - Releasing transactional SqlSession [org.apache.ibatis.session.defaults.DefaultSqlSession@308a6984]
14:13:12.399 [main] DEBUG org.mybatis.spring.SqlSessionUtils - Transaction synchronization committing SqlSession [org.apache.ibatis.session.defaults.DefaultSqlSession@308a6984]
14:13:12.399 [main] DEBUG org.mybatis.spring.SqlSessionUtils - Transaction synchronization deregistering SqlSession [org.apache.ibatis.session.defaults.DefaultSqlSession@308a6984]
14:13:12.399 [main] DEBUG org.mybatis.spring.SqlSessionUtils - Transaction synchronization closing SqlSession [org.apache.ibatis.session.defaults.DefaultSqlSession@308a6984]
14:13:48.070 [main] DEBUG o.m.s.mapper.ClassPathMapperScanner - Identified candidate component class: file [D:\idea\project\MyMovieProject\target\classes\com\zking\mapper\IMovieMapper.class]
14:13:48.073 [main] DEBUG o.m.s.mapper.ClassPathMapperScanner - Identified candidate component class: file [D:\idea\project\MyMovieProject\target\classes\com\zking\mapper\IMovieTypeMapper.class]
14:13:48.073 [main] DEBUG o.m.s.mapper.ClassPathMapperScanner - Identified candidate component class: file [D:\idea\project\MyMovieProject\target\classes\com\zking\mapper\IUserMapper.class]
14:13:48.088 [main] DEBUG o.m.s.mapper.ClassPathMapperScanner - Creating MapperFactoryBean with name 'IMovieMapper' and 'com.zking.mapper.IMovieMapper' mapperInterface
14:13:48.091 [main] DEBUG o.m.s.mapper.ClassPathMapperScanner - Enabling autowire by type for MapperFactoryBean with name 'IMovieMapper'.
14:13:48.091 [main] DEBUG o.m.s.mapper.ClassPathMapperScanner - Creating MapperFactoryBean with name 'IMovieTypeMapper' and 'com.zking.mapper.IMovieTypeMapper' mapperInterface
14:13:48.092 [main] DEBUG o.m.s.mapper.ClassPathMapperScanner - Enabling autowire by type for MapperFactoryBean with name 'IMovieTypeMapper'.
14:13:48.092 [main] DEBUG o.m.s.mapper.ClassPathMapperScanner - Creating MapperFactoryBean with name 'IUserMapper' and 'com.zking.mapper.IUserMapper' mapperInterface
14:13:48.093 [main] DEBUG o.m.s.mapper.ClassPathMapperScanner - Enabling autowire by type for MapperFactoryBean with name 'IUserMapper'.
14:13:48.549 [main] DEBUG c.b.m.e.s.MybatisSqlSessionFactoryBean - Registered plugin: 'com.baomidou.mybatisplus.extension.plugins.MybatisPlusInterceptor@7d898981'
14:13:48.751 [main] DEBUG c.b.m.e.s.MybatisSqlSessionFactoryBean - Parsed mapper file: 'file [D:\idea\project\MyMovieProject\target\classes\mapper\movieMapper.xml]'
14:13:48.788 [main] DEBUG c.b.m.e.s.MybatisSqlSessionFactoryBean - Parsed mapper file: 'file [D:\idea\project\MyMovieProject\target\classes\mapper\userMapper.xml]'
14:13:49.771 [main] DEBUG org.mybatis.spring.SqlSessionUtils - Creating a new SqlSession
14:13:49.777 [main] DEBUG org.mybatis.spring.SqlSessionUtils - Registering transaction synchronization for SqlSession [org.apache.ibatis.session.defaults.DefaultSqlSession@308a6984]
14:13:49.865 [main] DEBUG o.m.s.t.SpringManagedTransaction - JDBC Connection [com.mysql.cj.jdbc.ConnectionImpl@894858] will be managed by Spring
14:13:49.924 [main] DEBUG org.mybatis.spring.SqlSessionUtils - Releasing transactional SqlSession [org.apache.ibatis.session.defaults.DefaultSqlSession@308a6984]
14:13:49.924 [main] DEBUG org.mybatis.spring.SqlSessionUtils - Transaction synchronization committing SqlSession [org.apache.ibatis.session.defaults.DefaultSqlSession@308a6984]
14:13:49.924 [main] DEBUG org.mybatis.spring.SqlSessionUtils - Transaction synchronization deregistering SqlSession [org.apache.ibatis.session.defaults.DefaultSqlSession@308a6984]
14:13:49.925 [main] DEBUG org.mybatis.spring.SqlSessionUtils - Transaction synchronization closing SqlSession [org.apache.ibatis.session.defaults.DefaultSqlSession@308a6984]
14:31:22.512 [main] DEBUG o.m.s.mapper.ClassPathMapperScanner - Identified candidate component class: file [D:\idea\project\MyMovieProject\target\classes\com\zking\mapper\IMovieMapper.class]
14:31:22.514 [main] DEBUG o.m.s.mapper.ClassPathMapperScanner - Identified candidate component class: file [D:\idea\project\MyMovieProject\target\classes\com\zking\mapper\IMovieTypeMapper.class]
14:31:22.514 [main] DEBUG o.m.s.mapper.ClassPathMapperScanner - Identified candidate component class: file [D:\idea\project\MyMovieProject\target\classes\com\zking\mapper\IUserMapper.class]
14:31:22.525 [main] DEBUG o.m.s.mapper.ClassPathMapperScanner - Creating MapperFactoryBean with name 'IMovieMapper' and 'com.zking.mapper.IMovieMapper' mapperInterface
14:31:22.528 [main] DEBUG o.m.s.mapper.ClassPathMapperScanner - Enabling autowire by type for MapperFactoryBean with name 'IMovieMapper'.
14:31:22.528 [main] DEBUG o.m.s.mapper.ClassPathMapperScanner - Creating MapperFactoryBean with name 'IMovieTypeMapper' and 'com.zking.mapper.IMovieTypeMapper' mapperInterface
14:31:22.528 [main] DEBUG o.m.s.mapper.ClassPathMapperScanner - Enabling autowire by type for MapperFactoryBean with name 'IMovieTypeMapper'.
14:31:22.529 [main] DEBUG o.m.s.mapper.ClassPathMapperScanner - Creating MapperFactoryBean with name 'IUserMapper' and 'com.zking.mapper.IUserMapper' mapperInterface
14:31:22.529 [main] DEBUG o.m.s.mapper.ClassPathMapperScanner - Enabling autowire by type for MapperFactoryBean with name 'IUserMapper'.
14:31:22.935 [main] DEBUG c.b.m.e.s.MybatisSqlSessionFactoryBean - Registered plugin: 'com.baomidou.mybatisplus.extension.plugins.MybatisPlusInterceptor@7d898981'
14:31:23.133 [main] DEBUG c.b.m.e.s.MybatisSqlSessionFactoryBean - Parsed mapper file: 'file [D:\idea\project\MyMovieProject\target\classes\mapper\movieMapper.xml]'
14:31:23.176 [main] DEBUG c.b.m.e.s.MybatisSqlSessionFactoryBean - Parsed mapper file: 'file [D:\idea\project\MyMovieProject\target\classes\mapper\userMapper.xml]'
14:31:24.194 [main] DEBUG org.mybatis.spring.SqlSessionUtils - Creating a new SqlSession
14:31:24.199 [main] DEBUG org.mybatis.spring.SqlSessionUtils - Registering transaction synchronization for SqlSession [org.apache.ibatis.session.defaults.DefaultSqlSession@308a6984]
14:31:24.283 [main] DEBUG o.m.s.t.SpringManagedTransaction - JDBC Connection [com.mysql.cj.jdbc.ConnectionImpl@894858] will be managed by Spring
14:31:24.334 [main] DEBUG org.mybatis.spring.SqlSessionUtils - Releasing transactional SqlSession [org.apache.ibatis.session.defaults.DefaultSqlSession@308a6984]
14:31:24.335 [main] DEBUG org.mybatis.spring.SqlSessionUtils - Transaction synchronization committing SqlSession [org.apache.ibatis.session.defaults.DefaultSqlSession@308a6984]
14:31:24.335 [main] DEBUG org.mybatis.spring.SqlSessionUtils - Transaction synchronization deregistering SqlSession [org.apache.ibatis.session.defaults.DefaultSqlSession@308a6984]
14:31:24.335 [main] DEBUG org.mybatis.spring.SqlSessionUtils - Transaction synchronization closing SqlSession [org.apache.ibatis.session.defaults.DefaultSqlSession@308a6984]
14:31:46.168 [main] DEBUG o.m.s.mapper.ClassPathMapperScanner - Identified candidate component class: file [D:\idea\project\MyMovieProject\target\classes\com\zking\mapper\IMovieMapper.class]
14:31:46.170 [main] DEBUG o.m.s.mapper.ClassPathMapperScanner - Identified candidate component class: file [D:\idea\project\MyMovieProject\target\classes\com\zking\mapper\IMovieTypeMapper.class]
14:31:46.170 [main] DEBUG o.m.s.mapper.ClassPathMapperScanner - Identified candidate component class: file [D:\idea\project\MyMovieProject\target\classes\com\zking\mapper\IUserMapper.class]
14:31:46.183 [main] DEBUG o.m.s.mapper.ClassPathMapperScanner - Creating MapperFactoryBean with name 'IMovieMapper' and 'com.zking.mapper.IMovieMapper' mapperInterface
14:31:46.186 [main] DEBUG o.m.s.mapper.ClassPathMapperScanner - Enabling autowire by type for MapperFactoryBean with name 'IMovieMapper'.
14:31:46.186 [main] DEBUG o.m.s.mapper.ClassPathMapperScanner - Creating MapperFactoryBean with name 'IMovieTypeMapper' and 'com.zking.mapper.IMovieTypeMapper' mapperInterface
14:31:46.187 [main] DEBUG o.m.s.mapper.ClassPathMapperScanner - Enabling autowire by type for MapperFactoryBean with name 'IMovieTypeMapper'.
14:31:46.187 [main] DEBUG o.m.s.mapper.ClassPathMapperScanner - Creating MapperFactoryBean with name 'IUserMapper' and 'com.zking.mapper.IUserMapper' mapperInterface
14:31:46.187 [main] DEBUG o.m.s.mapper.ClassPathMapperScanner - Enabling autowire by type for MapperFactoryBean with name 'IUserMapper'.
14:31:46.570 [main] DEBUG c.b.m.e.s.MybatisSqlSessionFactoryBean - Registered plugin: 'com.baomidou.mybatisplus.extension.plugins.MybatisPlusInterceptor@7d898981'
14:31:46.765 [main] DEBUG c.b.m.e.s.MybatisSqlSessionFactoryBean - Parsed mapper file: 'file [D:\idea\project\MyMovieProject\target\classes\mapper\movieMapper.xml]'
14:31:46.812 [main] DEBUG c.b.m.e.s.MybatisSqlSessionFactoryBean - Parsed mapper file: 'file [D:\idea\project\MyMovieProject\target\classes\mapper\userMapper.xml]'
14:31:47.784 [main] DEBUG org.mybatis.spring.SqlSessionUtils - Creating a new SqlSession
14:31:47.790 [main] DEBUG org.mybatis.spring.SqlSessionUtils - Registering transaction synchronization for SqlSession [org.apache.ibatis.session.defaults.DefaultSqlSession@308a6984]
14:31:47.874 [main] DEBUG o.m.s.t.SpringManagedTransaction - JDBC Connection [com.mysql.cj.jdbc.ConnectionImpl@2ba45490] will be managed by Spring
14:31:47.922 [main] DEBUG org.mybatis.spring.SqlSessionUtils - Releasing transactional SqlSession [org.apache.ibatis.session.defaults.DefaultSqlSession@308a6984]
14:31:47.923 [main] DEBUG org.mybatis.spring.SqlSessionUtils - Transaction synchronization committing SqlSession [org.apache.ibatis.session.defaults.DefaultSqlSession@308a6984]
14:31:47.923 [main] DEBUG org.mybatis.spring.SqlSessionUtils - Transaction synchronization deregistering SqlSession [org.apache.ibatis.session.defaults.DefaultSqlSession@308a6984]
14:31:47.923 [main] DEBUG org.mybatis.spring.SqlSessionUtils - Transaction synchronization closing SqlSession [org.apache.ibatis.session.defaults.DefaultSqlSession@308a6984]
17:34:29.752 [main] DEBUG o.m.s.mapper.ClassPathMapperScanner - Identified candidate component class: file [D:\idea\project\MyMovieProject\target\classes\com\zking\mapper\IMovieMapper.class]
17:34:29.754 [main] DEBUG o.m.s.mapper.ClassPathMapperScanner - Identified candidate component class: file [D:\idea\project\MyMovieProject\target\classes\com\zking\mapper\IMovieTypeMapper.class]
17:34:29.755 [main] DEBUG o.m.s.mapper.ClassPathMapperScanner - Identified candidate component class: file [D:\idea\project\MyMovieProject\target\classes\com\zking\mapper\IUserMapper.class]
17:34:29.767 [main] DEBUG o.m.s.mapper.ClassPathMapperScanner - Creating MapperFactoryBean with name 'IMovieMapper' and 'com.zking.mapper.IMovieMapper' mapperInterface
17:34:29.772 [main] DEBUG o.m.s.mapper.ClassPathMapperScanner - Enabling autowire by type for MapperFactoryBean with name 'IMovieMapper'.
17:34:29.772 [main] DEBUG o.m.s.mapper.ClassPathMapperScanner - Creating MapperFactoryBean with name 'IMovieTypeMapper' and 'com.zking.mapper.IMovieTypeMapper' mapperInterface
17:34:29.772 [main] DEBUG o.m.s.mapper.ClassPathMapperScanner - Enabling autowire by type for MapperFactoryBean with name 'IMovieTypeMapper'.
17:34:29.772 [main] DEBUG o.m.s.mapper.ClassPathMapperScanner - Creating MapperFactoryBean with name 'IUserMapper' and 'com.zking.mapper.IUserMapper' mapperInterface
17:34:29.773 [main] DEBUG o.m.s.mapper.ClassPathMapperScanner - Enabling autowire by type for MapperFactoryBean with name 'IUserMapper'.
17:34:30.144 [main] DEBUG c.b.m.e.s.MybatisSqlSessionFactoryBean - Registered plugin: 'com.baomidou.mybatisplus.extension.plugins.MybatisPlusInterceptor@7d898981'
17:34:30.371 [main] DEBUG c.b.m.e.s.MybatisSqlSessionFactoryBean - Parsed mapper file: 'file [D:\idea\project\MyMovieProject\target\classes\mapper\movieMapper.xml]'
17:34:30.418 [main] DEBUG c.b.m.e.s.MybatisSqlSessionFactoryBean - Parsed mapper file: 'file [D:\idea\project\MyMovieProject\target\classes\mapper\userMapper.xml]'
17:36:57.907 [main] DEBUG o.m.s.mapper.ClassPathMapperScanner - Identified candidate component class: file [D:\idea\project\MyMovieProject\target\classes\com\zking\mapper\IMovieMapper.class]
17:36:57.909 [main] DEBUG o.m.s.mapper.ClassPathMapperScanner - Identified candidate component class: file [D:\idea\project\MyMovieProject\target\classes\com\zking\mapper\IMovieTypeMapper.class]
17:36:57.910 [main] DEBUG o.m.s.mapper.ClassPathMapperScanner - Identified candidate component class: file [D:\idea\project\MyMovieProject\target\classes\com\zking\mapper\IUserMapper.class]
17:36:57.920 [main] DEBUG o.m.s.mapper.ClassPathMapperScanner - Creating MapperFactoryBean with name 'IMovieMapper' and 'com.zking.mapper.IMovieMapper' mapperInterface
17:36:57.923 [main] DEBUG o.m.s.mapper.ClassPathMapperScanner - Enabling autowire by type for MapperFactoryBean with name 'IMovieMapper'.
17:36:57.923 [main] DEBUG o.m.s.mapper.ClassPathMapperScanner - Creating MapperFactoryBean with name 'IMovieTypeMapper' and 'com.zking.mapper.IMovieTypeMapper' mapperInterface
17:36:57.924 [main] DEBUG o.m.s.mapper.ClassPathMapperScanner - Enabling autowire by type for MapperFactoryBean with name 'IMovieTypeMapper'.
17:36:57.924 [main] DEBUG o.m.s.mapper.ClassPathMapperScanner - Creating MapperFactoryBean with name 'IUserMapper' and 'com.zking.mapper.IUserMapper' mapperInterface
17:36:57.924 [main] DEBUG o.m.s.mapper.ClassPathMapperScanner - Enabling autowire by type for MapperFactoryBean with name 'IUserMapper'.
17:36:58.282 [main] DEBUG c.b.m.e.s.MybatisSqlSessionFactoryBean - Registered plugin: 'com.baomidou.mybatisplus.extension.plugins.MybatisPlusInterceptor@7d898981'
17:36:58.474 [main] DEBUG c.b.m.e.s.MybatisSqlSessionFactoryBean - Parsed mapper file: 'file [D:\idea\project\MyMovieProject\target\classes\mapper\movieMapper.xml]'
17:36:58.521 [main] DEBUG c.b.m.e.s.MybatisSqlSessionFactoryBean - Parsed mapper file: 'file [D:\idea\project\MyMovieProject\target\classes\mapper\userMapper.xml]'
