16:51:59.187 [main] WARN  c.b.m.core.metadata.TableInfoHelper - This primary key of "hall_id" is primitive !不建议如此请使用包装类 in Class: "com.zking.entity.Hall"
16:51:59.246 [main] WARN  c.b.m.core.metadata.TableInfoHelper - This "cinemaId" is the table primary key by @TableId annotation in Class: "com.zking.entity.Cinema",So @TableField annotation will not work!
16:51:59.246 [main] WARN  c.b.m.core.metadata.TableInfoHelper - This primary key of "cinemaId" is primitive !不建议如此请使用包装类 in Class: "com.zking.entity.Cinema"
16:51:59.285 [main] WARN  c.b.m.core.metadata.TableInfoHelper - This primary key of "movieId" is primitive !不建议如此请使用包装类 in Class: "com.zking.entity.Movie"
16:51:59.335 [main] WARN  c.b.m.core.metadata.TableInfoHelper - This primary key of "user_id" is primitive !不建议如此请使用包装类 in Class: "com.zking.entity.User"
16:51:59.706 [main] WARN  c.b.m.core.metadata.TableInfoHelper - Can not find table primary key in Class: "com.zking.entity.MovieType".
16:51:59.706 [main] WARN  c.b.m.c.injector.DefaultSqlInjector - class com.zking.entity.MovieType ,Not found @TableId annotation, Cannot use Mybatis-Plus 'xxById' Method.
16:53:21.609 [main] WARN  c.b.m.core.metadata.TableInfoHelper - This primary key of "hall_id" is primitive !不建议如此请使用包装类 in Class: "com.zking.entity.Hall"
16:53:21.680 [main] WARN  c.b.m.core.metadata.TableInfoHelper - This "cinemaId" is the table primary key by @TableId annotation in Class: "com.zking.entity.Cinema",So @TableField annotation will not work!
16:53:21.681 [main] WARN  c.b.m.core.metadata.TableInfoHelper - This primary key of "cinemaId" is primitive !不建议如此请使用包装类 in Class: "com.zking.entity.Cinema"
16:53:21.735 [main] WARN  c.b.m.core.metadata.TableInfoHelper - This primary key of "movieId" is primitive !不建议如此请使用包装类 in Class: "com.zking.entity.Movie"
16:53:21.782 [main] WARN  c.b.m.core.metadata.TableInfoHelper - This primary key of "user_id" is primitive !不建议如此请使用包装类 in Class: "com.zking.entity.User"
16:53:22.170 [main] WARN  c.b.m.core.metadata.TableInfoHelper - Can not find table primary key in Class: "com.zking.entity.MovieType".
16:53:22.170 [main] WARN  c.b.m.c.injector.DefaultSqlInjector - class com.zking.entity.MovieType ,Not found @TableId annotation, Cannot use Mybatis-Plus 'xxById' Method.
16:57:17.355 [main] WARN  c.b.m.core.metadata.TableInfoHelper - This "hallId" is the table primary key by @TableId annotation in Class: "com.zking.entity.Hall",So @TableField annotation will not work!
16:57:17.356 [main] WARN  c.b.m.core.metadata.TableInfoHelper - This primary key of "hallId" is primitive !不建议如此请使用包装类 in Class: "com.zking.entity.Hall"
16:57:17.424 [main] WARN  c.b.m.core.metadata.TableInfoHelper - This "cinemaId" is the table primary key by @TableId annotation in Class: "com.zking.entity.Cinema",So @TableField annotation will not work!
16:57:17.425 [main] WARN  c.b.m.core.metadata.TableInfoHelper - This primary key of "cinemaId" is primitive !不建议如此请使用包装类 in Class: "com.zking.entity.Cinema"
16:57:17.472 [main] WARN  c.b.m.core.metadata.TableInfoHelper - This primary key of "movieId" is primitive !不建议如此请使用包装类 in Class: "com.zking.entity.Movie"
16:57:17.509 [main] WARN  c.b.m.core.metadata.TableInfoHelper - This primary key of "user_id" is primitive !不建议如此请使用包装类 in Class: "com.zking.entity.User"
16:57:17.905 [main] WARN  c.b.m.core.metadata.TableInfoHelper - Can not find table primary key in Class: "com.zking.entity.MovieType".
16:57:17.905 [main] WARN  c.b.m.c.injector.DefaultSqlInjector - class com.zking.entity.MovieType ,Not found @TableId annotation, Cannot use Mybatis-Plus 'xxById' Method.
16:58:50.783 [main] WARN  c.b.m.core.metadata.TableInfoHelper - This "hallId" is the table primary key by @TableId annotation in Class: "com.zking.entity.Hall",So @TableField annotation will not work!
16:58:50.784 [main] WARN  c.b.m.core.metadata.TableInfoHelper - This primary key of "hallId" is primitive !不建议如此请使用包装类 in Class: "com.zking.entity.Hall"
16:58:50.848 [main] WARN  c.b.m.core.metadata.TableInfoHelper - This "cinemaId" is the table primary key by @TableId annotation in Class: "com.zking.entity.Cinema",So @TableField annotation will not work!
16:58:50.848 [main] WARN  c.b.m.core.metadata.TableInfoHelper - This primary key of "cinemaId" is primitive !不建议如此请使用包装类 in Class: "com.zking.entity.Cinema"
16:58:50.905 [main] WARN  c.b.m.core.metadata.TableInfoHelper - This primary key of "movieId" is primitive !不建议如此请使用包装类 in Class: "com.zking.entity.Movie"
16:58:50.948 [main] WARN  c.b.m.core.metadata.TableInfoHelper - This primary key of "user_id" is primitive !不建议如此请使用包装类 in Class: "com.zking.entity.User"
16:58:51.330 [main] WARN  c.b.m.core.metadata.TableInfoHelper - Can not find table primary key in Class: "com.zking.entity.MovieType".
16:58:51.331 [main] WARN  c.b.m.c.injector.DefaultSqlInjector - class com.zking.entity.MovieType ,Not found @TableId annotation, Cannot use Mybatis-Plus 'xxById' Method.
17:06:02.000 [main] WARN  c.b.m.core.metadata.TableInfoHelper - This "hallId" is the table primary key by @TableId annotation in Class: "com.zking.entity.Hall",So @TableField annotation will not work!
17:06:02.001 [main] WARN  c.b.m.core.metadata.TableInfoHelper - This primary key of "hallId" is primitive !不建议如此请使用包装类 in Class: "com.zking.entity.Hall"
17:06:02.095 [main] WARN  c.b.m.core.metadata.TableInfoHelper - This "cinemaId" is the table primary key by @TableId annotation in Class: "com.zking.entity.Cinema",So @TableField annotation will not work!
17:06:02.095 [main] WARN  c.b.m.core.metadata.TableInfoHelper - This primary key of "cinemaId" is primitive !不建议如此请使用包装类 in Class: "com.zking.entity.Cinema"
17:06:02.139 [main] WARN  c.b.m.core.metadata.TableInfoHelper - This primary key of "movieId" is primitive !不建议如此请使用包装类 in Class: "com.zking.entity.Movie"
17:06:02.177 [main] WARN  c.b.m.core.metadata.TableInfoHelper - This primary key of "user_id" is primitive !不建议如此请使用包装类 in Class: "com.zking.entity.User"
17:06:02.639 [main] WARN  c.b.m.core.metadata.TableInfoHelper - Can not find table primary key in Class: "com.zking.entity.MovieType".
17:06:02.640 [main] WARN  c.b.m.c.injector.DefaultSqlInjector - class com.zking.entity.MovieType ,Not found @TableId annotation, Cannot use Mybatis-Plus 'xxById' Method.
19:36:29.790 [main] WARN  c.b.m.core.metadata.TableInfoHelper - This "hallId" is the table primary key by @TableId annotation in Class: "com.zking.entity.Hall",So @TableField annotation will not work!
19:36:29.792 [main] WARN  c.b.m.core.metadata.TableInfoHelper - This primary key of "hallId" is primitive !不建议如此请使用包装类 in Class: "com.zking.entity.Hall"
19:36:29.893 [main] WARN  c.b.m.core.metadata.TableInfoHelper - This "cinemaId" is the table primary key by @TableId annotation in Class: "com.zking.entity.Cinema",So @TableField annotation will not work!
19:36:29.894 [main] WARN  c.b.m.core.metadata.TableInfoHelper - This primary key of "cinemaId" is primitive !不建议如此请使用包装类 in Class: "com.zking.entity.Cinema"
19:36:29.939 [main] WARN  c.b.m.core.metadata.TableInfoHelper - This primary key of "movieId" is primitive !不建议如此请使用包装类 in Class: "com.zking.entity.Movie"
19:36:30.010 [main] WARN  c.b.m.core.metadata.TableInfoHelper - This primary key of "user_id" is primitive !不建议如此请使用包装类 in Class: "com.zking.entity.User"
19:36:30.667 [main] WARN  c.b.m.core.metadata.TableInfoHelper - Can not find table primary key in Class: "com.zking.entity.MovieType".
19:36:30.668 [main] WARN  c.b.m.c.injector.DefaultSqlInjector - class com.zking.entity.MovieType ,Not found @TableId annotation, Cannot use Mybatis-Plus 'xxById' Method.
19:47:22.213 [main] WARN  c.b.m.core.metadata.TableInfoHelper - This "hallId" is the table primary key by @TableId annotation in Class: "com.zking.entity.Hall",So @TableField annotation will not work!
19:47:22.214 [main] WARN  c.b.m.core.metadata.TableInfoHelper - This primary key of "hallId" is primitive !不建议如此请使用包装类 in Class: "com.zking.entity.Hall"
19:47:22.316 [main] WARN  c.b.m.core.metadata.TableInfoHelper - This "cinemaId" is the table primary key by @TableId annotation in Class: "com.zking.entity.Cinema",So @TableField annotation will not work!
19:47:22.316 [main] WARN  c.b.m.core.metadata.TableInfoHelper - This primary key of "cinemaId" is primitive !不建议如此请使用包装类 in Class: "com.zking.entity.Cinema"
19:47:22.366 [main] WARN  c.b.m.core.metadata.TableInfoHelper - This primary key of "movieId" is primitive !不建议如此请使用包装类 in Class: "com.zking.entity.Movie"
19:47:22.425 [main] WARN  c.b.m.core.metadata.TableInfoHelper - This primary key of "user_id" is primitive !不建议如此请使用包装类 in Class: "com.zking.entity.User"
19:47:23.035 [main] WARN  c.b.m.core.metadata.TableInfoHelper - Can not find table primary key in Class: "com.zking.entity.MovieType".
19:47:23.035 [main] WARN  c.b.m.c.injector.DefaultSqlInjector - class com.zking.entity.MovieType ,Not found @TableId annotation, Cannot use Mybatis-Plus 'xxById' Method.
19:49:39.694 [main] WARN  c.b.m.core.metadata.TableInfoHelper - This "hallId" is the table primary key by @TableId annotation in Class: "com.zking.entity.Hall",So @TableField annotation will not work!
19:49:39.695 [main] WARN  c.b.m.core.metadata.TableInfoHelper - This primary key of "hallId" is primitive !不建议如此请使用包装类 in Class: "com.zking.entity.Hall"
19:49:39.784 [main] WARN  c.b.m.core.metadata.TableInfoHelper - This "cinemaId" is the table primary key by @TableId annotation in Class: "com.zking.entity.Cinema",So @TableField annotation will not work!
19:49:39.784 [main] WARN  c.b.m.core.metadata.TableInfoHelper - This primary key of "cinemaId" is primitive !不建议如此请使用包装类 in Class: "com.zking.entity.Cinema"
19:49:39.834 [main] WARN  c.b.m.core.metadata.TableInfoHelper - This primary key of "movieId" is primitive !不建议如此请使用包装类 in Class: "com.zking.entity.Movie"
19:49:39.887 [main] WARN  c.b.m.core.metadata.TableInfoHelper - This primary key of "user_id" is primitive !不建议如此请使用包装类 in Class: "com.zking.entity.User"
19:49:40.352 [main] WARN  c.b.m.core.metadata.TableInfoHelper - Can not find table primary key in Class: "com.zking.entity.MovieType".
19:49:40.353 [main] WARN  c.b.m.c.injector.DefaultSqlInjector - class com.zking.entity.MovieType ,Not found @TableId annotation, Cannot use Mybatis-Plus 'xxById' Method.
20:17:57.782 [main] WARN  c.b.m.core.metadata.TableInfoHelper - This "hallId" is the table primary key by @TableId annotation in Class: "com.zking.entity.Hall",So @TableField annotation will not work!
20:17:57.783 [main] WARN  c.b.m.core.metadata.TableInfoHelper - This primary key of "hallId" is primitive !不建议如此请使用包装类 in Class: "com.zking.entity.Hall"
20:17:57.848 [main] WARN  c.b.m.core.metadata.TableInfoHelper - This "cinemaId" is the table primary key by @TableId annotation in Class: "com.zking.entity.Cinema",So @TableField annotation will not work!
20:17:57.848 [main] WARN  c.b.m.core.metadata.TableInfoHelper - This primary key of "cinemaId" is primitive !不建议如此请使用包装类 in Class: "com.zking.entity.Cinema"
20:17:57.903 [main] WARN  c.b.m.core.metadata.TableInfoHelper - This primary key of "movieId" is primitive !不建议如此请使用包装类 in Class: "com.zking.entity.Movie"
20:17:57.953 [main] WARN  c.b.m.core.metadata.TableInfoHelper - This primary key of "user_id" is primitive !不建议如此请使用包装类 in Class: "com.zking.entity.User"
20:17:58.414 [main] WARN  c.b.m.core.metadata.TableInfoHelper - Can not find table primary key in Class: "com.zking.entity.MovieType".
20:17:58.414 [main] WARN  c.b.m.c.injector.DefaultSqlInjector - class com.zking.entity.MovieType ,Not found @TableId annotation, Cannot use Mybatis-Plus 'xxById' Method.
20:56:35.654 [main] WARN  c.b.m.core.metadata.TableInfoHelper - This "hallId" is the table primary key by @TableId annotation in Class: "com.zking.entity.Hall",So @TableField annotation will not work!
20:56:35.655 [main] WARN  c.b.m.core.metadata.TableInfoHelper - This primary key of "hallId" is primitive !不建议如此请使用包装类 in Class: "com.zking.entity.Hall"
20:56:35.750 [main] WARN  c.b.m.core.metadata.TableInfoHelper - This "cinemaId" is the table primary key by @TableId annotation in Class: "com.zking.entity.Cinema",So @TableField annotation will not work!
20:56:35.750 [main] WARN  c.b.m.core.metadata.TableInfoHelper - This primary key of "cinemaId" is primitive !不建议如此请使用包装类 in Class: "com.zking.entity.Cinema"
20:56:35.799 [main] WARN  c.b.m.core.metadata.TableInfoHelper - This primary key of "movieId" is primitive !不建议如此请使用包装类 in Class: "com.zking.entity.Movie"
20:56:35.900 [main] WARN  c.b.m.core.metadata.TableInfoHelper - This primary key of "user_id" is primitive !不建议如此请使用包装类 in Class: "com.zking.entity.User"
20:56:36.497 [main] WARN  c.b.m.core.metadata.TableInfoHelper - Can not find table primary key in Class: "com.zking.entity.MovieType".
20:56:36.498 [main] WARN  c.b.m.c.injector.DefaultSqlInjector - class com.zking.entity.MovieType ,Not found @TableId annotation, Cannot use Mybatis-Plus 'xxById' Method.
20:57:11.146 [main] WARN  c.b.m.core.metadata.TableInfoHelper - This "hallId" is the table primary key by @TableId annotation in Class: "com.zking.entity.Hall",So @TableField annotation will not work!
20:57:11.147 [main] WARN  c.b.m.core.metadata.TableInfoHelper - This primary key of "hallId" is primitive !不建议如此请使用包装类 in Class: "com.zking.entity.Hall"
20:57:11.236 [main] WARN  c.b.m.core.metadata.TableInfoHelper - This "cinemaId" is the table primary key by @TableId annotation in Class: "com.zking.entity.Cinema",So @TableField annotation will not work!
20:57:11.236 [main] WARN  c.b.m.core.metadata.TableInfoHelper - This primary key of "cinemaId" is primitive !不建议如此请使用包装类 in Class: "com.zking.entity.Cinema"
20:57:11.284 [main] WARN  c.b.m.core.metadata.TableInfoHelper - This primary key of "movieId" is primitive !不建议如此请使用包装类 in Class: "com.zking.entity.Movie"
20:57:11.358 [main] WARN  c.b.m.core.metadata.TableInfoHelper - This primary key of "user_id" is primitive !不建议如此请使用包装类 in Class: "com.zking.entity.User"
20:57:12.007 [main] WARN  c.b.m.core.metadata.TableInfoHelper - Can not find table primary key in Class: "com.zking.entity.MovieType".
20:57:12.008 [main] WARN  c.b.m.c.injector.DefaultSqlInjector - class com.zking.entity.MovieType ,Not found @TableId annotation, Cannot use Mybatis-Plus 'xxById' Method.
20:57:36.623 [main] WARN  c.b.m.core.metadata.TableInfoHelper - This "hallId" is the table primary key by @TableId annotation in Class: "com.zking.entity.Hall",So @TableField annotation will not work!
20:57:36.624 [main] WARN  c.b.m.core.metadata.TableInfoHelper - This primary key of "hallId" is primitive !不建议如此请使用包装类 in Class: "com.zking.entity.Hall"
20:57:36.712 [main] WARN  c.b.m.core.metadata.TableInfoHelper - This "cinemaId" is the table primary key by @TableId annotation in Class: "com.zking.entity.Cinema",So @TableField annotation will not work!
20:57:36.712 [main] WARN  c.b.m.core.metadata.TableInfoHelper - This primary key of "cinemaId" is primitive !不建议如此请使用包装类 in Class: "com.zking.entity.Cinema"
20:57:36.760 [main] WARN  c.b.m.core.metadata.TableInfoHelper - This primary key of "movieId" is primitive !不建议如此请使用包装类 in Class: "com.zking.entity.Movie"
20:57:36.860 [main] WARN  c.b.m.core.metadata.TableInfoHelper - This primary key of "user_id" is primitive !不建议如此请使用包装类 in Class: "com.zking.entity.User"
20:57:37.486 [main] WARN  c.b.m.core.metadata.TableInfoHelper - Can not find table primary key in Class: "com.zking.entity.MovieType".
20:57:37.486 [main] WARN  c.b.m.c.injector.DefaultSqlInjector - class com.zking.entity.MovieType ,Not found @TableId annotation, Cannot use Mybatis-Plus 'xxById' Method.
20:59:51.325 [main] WARN  c.b.m.core.metadata.TableInfoHelper - This "hallId" is the table primary key by @TableId annotation in Class: "com.zking.entity.Hall",So @TableField annotation will not work!
20:59:51.326 [main] WARN  c.b.m.core.metadata.TableInfoHelper - This primary key of "hallId" is primitive !不建议如此请使用包装类 in Class: "com.zking.entity.Hall"
20:59:51.413 [main] WARN  c.b.m.core.metadata.TableInfoHelper - This "cinemaId" is the table primary key by @TableId annotation in Class: "com.zking.entity.Cinema",So @TableField annotation will not work!
20:59:51.413 [main] WARN  c.b.m.core.metadata.TableInfoHelper - This primary key of "cinemaId" is primitive !不建议如此请使用包装类 in Class: "com.zking.entity.Cinema"
20:59:51.459 [main] WARN  c.b.m.core.metadata.TableInfoHelper - This primary key of "movieId" is primitive !不建议如此请使用包装类 in Class: "com.zking.entity.Movie"
20:59:51.537 [main] WARN  c.b.m.core.metadata.TableInfoHelper - This primary key of "user_id" is primitive !不建议如此请使用包装类 in Class: "com.zking.entity.User"
20:59:52.358 [main] WARN  c.b.m.core.metadata.TableInfoHelper - Can not find table primary key in Class: "com.zking.entity.MovieType".
20:59:52.359 [main] WARN  c.b.m.c.injector.DefaultSqlInjector - class com.zking.entity.MovieType ,Not found @TableId annotation, Cannot use Mybatis-Plus 'xxById' Method.
21:01:30.567 [main] WARN  c.b.m.core.metadata.TableInfoHelper - This "hallId" is the table primary key by @TableId annotation in Class: "com.zking.entity.Hall",So @TableField annotation will not work!
21:01:30.569 [main] WARN  c.b.m.core.metadata.TableInfoHelper - This primary key of "hallId" is primitive !不建议如此请使用包装类 in Class: "com.zking.entity.Hall"
21:01:30.664 [main] WARN  c.b.m.core.metadata.TableInfoHelper - This "cinemaId" is the table primary key by @TableId annotation in Class: "com.zking.entity.Cinema",So @TableField annotation will not work!
21:01:30.665 [main] WARN  c.b.m.core.metadata.TableInfoHelper - This primary key of "cinemaId" is primitive !不建议如此请使用包装类 in Class: "com.zking.entity.Cinema"
21:01:30.711 [main] WARN  c.b.m.core.metadata.TableInfoHelper - This primary key of "movieId" is primitive !不建议如此请使用包装类 in Class: "com.zking.entity.Movie"
21:01:30.804 [main] WARN  c.b.m.core.metadata.TableInfoHelper - This primary key of "user_id" is primitive !不建议如此请使用包装类 in Class: "com.zking.entity.User"
21:01:31.434 [main] WARN  c.b.m.core.metadata.TableInfoHelper - Can not find table primary key in Class: "com.zking.entity.MovieType".
21:01:31.435 [main] WARN  c.b.m.c.injector.DefaultSqlInjector - class com.zking.entity.MovieType ,Not found @TableId annotation, Cannot use Mybatis-Plus 'xxById' Method.
21:02:34.934 [main] WARN  c.b.m.core.metadata.TableInfoHelper - This "hallId" is the table primary key by @TableId annotation in Class: "com.zking.entity.Hall",So @TableField annotation will not work!
21:02:34.936 [main] WARN  c.b.m.core.metadata.TableInfoHelper - This primary key of "hallId" is primitive !不建议如此请使用包装类 in Class: "com.zking.entity.Hall"
21:02:35.043 [main] WARN  c.b.m.core.metadata.TableInfoHelper - This "cinemaId" is the table primary key by @TableId annotation in Class: "com.zking.entity.Cinema",So @TableField annotation will not work!
21:02:35.044 [main] WARN  c.b.m.core.metadata.TableInfoHelper - This primary key of "cinemaId" is primitive !不建议如此请使用包装类 in Class: "com.zking.entity.Cinema"
21:02:35.107 [main] WARN  c.b.m.core.metadata.TableInfoHelper - This primary key of "movieId" is primitive !不建议如此请使用包装类 in Class: "com.zking.entity.Movie"
21:02:35.211 [main] WARN  c.b.m.core.metadata.TableInfoHelper - This primary key of "user_id" is primitive !不建议如此请使用包装类 in Class: "com.zking.entity.User"
21:02:35.783 [main] WARN  c.b.m.core.metadata.TableInfoHelper - Can not find table primary key in Class: "com.zking.entity.MovieType".
21:02:35.783 [main] WARN  c.b.m.c.injector.DefaultSqlInjector - class com.zking.entity.MovieType ,Not found @TableId annotation, Cannot use Mybatis-Plus 'xxById' Method.
21:04:58.717 [main] WARN  c.b.m.core.metadata.TableInfoHelper - This "hallId" is the table primary key by @TableId annotation in Class: "com.zking.entity.Hall",So @TableField annotation will not work!
21:04:58.718 [main] WARN  c.b.m.core.metadata.TableInfoHelper - This primary key of "hallId" is primitive !不建议如此请使用包装类 in Class: "com.zking.entity.Hall"
21:04:58.820 [main] WARN  c.b.m.core.metadata.TableInfoHelper - This "cinemaId" is the table primary key by @TableId annotation in Class: "com.zking.entity.Cinema",So @TableField annotation will not work!
21:04:58.820 [main] WARN  c.b.m.core.metadata.TableInfoHelper - This primary key of "cinemaId" is primitive !不建议如此请使用包装类 in Class: "com.zking.entity.Cinema"
21:04:58.871 [main] WARN  c.b.m.core.metadata.TableInfoHelper - This primary key of "movieId" is primitive !不建议如此请使用包装类 in Class: "com.zking.entity.Movie"
21:04:58.982 [main] WARN  c.b.m.core.metadata.TableInfoHelper - This primary key of "user_id" is primitive !不建议如此请使用包装类 in Class: "com.zking.entity.User"
21:04:59.560 [main] WARN  c.b.m.core.metadata.TableInfoHelper - Can not find table primary key in Class: "com.zking.entity.MovieType".
21:04:59.560 [main] WARN  c.b.m.c.injector.DefaultSqlInjector - class com.zking.entity.MovieType ,Not found @TableId annotation, Cannot use Mybatis-Plus 'xxById' Method.
21:26:14.085 [main] WARN  c.b.m.core.metadata.TableInfoHelper - This "hallId" is the table primary key by @TableId annotation in Class: "com.zking.entity.Hall",So @TableField annotation will not work!
21:26:14.086 [main] WARN  c.b.m.core.metadata.TableInfoHelper - This primary key of "hallId" is primitive !不建议如此请使用包装类 in Class: "com.zking.entity.Hall"
21:26:14.184 [main] WARN  c.b.m.core.metadata.TableInfoHelper - This "cinemaId" is the table primary key by @TableId annotation in Class: "com.zking.entity.Cinema",So @TableField annotation will not work!
21:26:14.184 [main] WARN  c.b.m.core.metadata.TableInfoHelper - This primary key of "cinemaId" is primitive !不建议如此请使用包装类 in Class: "com.zking.entity.Cinema"
21:26:14.235 [main] WARN  c.b.m.core.metadata.TableInfoHelper - This primary key of "movieId" is primitive !不建议如此请使用包装类 in Class: "com.zking.entity.Movie"
21:26:14.342 [main] WARN  c.b.m.core.metadata.TableInfoHelper - This primary key of "user_id" is primitive !不建议如此请使用包装类 in Class: "com.zking.entity.User"
21:26:14.927 [main] WARN  c.b.m.core.metadata.TableInfoHelper - Can not find table primary key in Class: "com.zking.entity.MovieType".
21:26:14.927 [main] WARN  c.b.m.c.injector.DefaultSqlInjector - class com.zking.entity.MovieType ,Not found @TableId annotation, Cannot use Mybatis-Plus 'xxById' Method.
21:26:56.963 [main] WARN  c.b.m.core.metadata.TableInfoHelper - This "hallId" is the table primary key by @TableId annotation in Class: "com.zking.entity.Hall",So @TableField annotation will not work!
21:26:56.965 [main] WARN  c.b.m.core.metadata.TableInfoHelper - This primary key of "hallId" is primitive !不建议如此请使用包装类 in Class: "com.zking.entity.Hall"
21:26:57.077 [main] WARN  c.b.m.core.metadata.TableInfoHelper - This "cinemaId" is the table primary key by @TableId annotation in Class: "com.zking.entity.Cinema",So @TableField annotation will not work!
21:26:57.077 [main] WARN  c.b.m.core.metadata.TableInfoHelper - This primary key of "cinemaId" is primitive !不建议如此请使用包装类 in Class: "com.zking.entity.Cinema"
21:26:57.134 [main] WARN  c.b.m.core.metadata.TableInfoHelper - This primary key of "movieId" is primitive !不建议如此请使用包装类 in Class: "com.zking.entity.Movie"
21:26:57.224 [main] WARN  c.b.m.core.metadata.TableInfoHelper - This primary key of "user_id" is primitive !不建议如此请使用包装类 in Class: "com.zking.entity.User"
21:26:57.835 [main] WARN  c.b.m.core.metadata.TableInfoHelper - Can not find table primary key in Class: "com.zking.entity.MovieType".
21:26:57.835 [main] WARN  c.b.m.c.injector.DefaultSqlInjector - class com.zking.entity.MovieType ,Not found @TableId annotation, Cannot use Mybatis-Plus 'xxById' Method.
21:28:45.287 [main] WARN  c.b.m.core.metadata.TableInfoHelper - This "hallId" is the table primary key by @TableId annotation in Class: "com.zking.entity.Hall",So @TableField annotation will not work!
21:28:45.288 [main] WARN  c.b.m.core.metadata.TableInfoHelper - This primary key of "hallId" is primitive !不建议如此请使用包装类 in Class: "com.zking.entity.Hall"
21:28:45.384 [main] WARN  c.b.m.core.metadata.TableInfoHelper - This "cinemaId" is the table primary key by @TableId annotation in Class: "com.zking.entity.Cinema",So @TableField annotation will not work!
21:28:45.384 [main] WARN  c.b.m.core.metadata.TableInfoHelper - This primary key of "cinemaId" is primitive !不建议如此请使用包装类 in Class: "com.zking.entity.Cinema"
21:28:45.431 [main] WARN  c.b.m.core.metadata.TableInfoHelper - This primary key of "movieId" is primitive !不建议如此请使用包装类 in Class: "com.zking.entity.Movie"
21:28:45.512 [main] WARN  c.b.m.core.metadata.TableInfoHelper - This primary key of "user_id" is primitive !不建议如此请使用包装类 in Class: "com.zking.entity.User"
21:28:46.390 [main] WARN  c.b.m.core.metadata.TableInfoHelper - Can not find table primary key in Class: "com.zking.entity.MovieType".
21:28:46.390 [main] WARN  c.b.m.c.injector.DefaultSqlInjector - class com.zking.entity.MovieType ,Not found @TableId annotation, Cannot use Mybatis-Plus 'xxById' Method.
21:32:05.883 [main] WARN  c.b.m.core.metadata.TableInfoHelper - This "hallId" is the table primary key by @TableId annotation in Class: "com.zking.entity.Hall",So @TableField annotation will not work!
21:32:05.886 [main] WARN  c.b.m.core.metadata.TableInfoHelper - This primary key of "hallId" is primitive !不建议如此请使用包装类 in Class: "com.zking.entity.Hall"
21:32:06.015 [main] WARN  c.b.m.core.metadata.TableInfoHelper - This "cinemaId" is the table primary key by @TableId annotation in Class: "com.zking.entity.Cinema",So @TableField annotation will not work!
21:32:06.015 [main] WARN  c.b.m.core.metadata.TableInfoHelper - This primary key of "cinemaId" is primitive !不建议如此请使用包装类 in Class: "com.zking.entity.Cinema"
21:32:06.070 [main] WARN  c.b.m.core.metadata.TableInfoHelper - This primary key of "movieId" is primitive !不建议如此请使用包装类 in Class: "com.zking.entity.Movie"
21:32:06.170 [main] WARN  c.b.m.core.metadata.TableInfoHelper - This primary key of "user_id" is primitive !不建议如此请使用包装类 in Class: "com.zking.entity.User"
21:32:06.929 [main] WARN  c.b.m.core.metadata.TableInfoHelper - Can not find table primary key in Class: "com.zking.entity.MovieType".
21:32:06.930 [main] WARN  c.b.m.c.injector.DefaultSqlInjector - class com.zking.entity.MovieType ,Not found @TableId annotation, Cannot use Mybatis-Plus 'xxById' Method.
21:35:02.996 [main] WARN  c.b.m.core.metadata.TableInfoHelper - This "hallId" is the table primary key by @TableId annotation in Class: "com.zking.entity.Hall",So @TableField annotation will not work!
21:35:02.996 [main] WARN  c.b.m.core.metadata.TableInfoHelper - This primary key of "hallId" is primitive !不建议如此请使用包装类 in Class: "com.zking.entity.Hall"
21:35:03.092 [main] WARN  c.b.m.core.metadata.TableInfoHelper - This "cinemaId" is the table primary key by @TableId annotation in Class: "com.zking.entity.Cinema",So @TableField annotation will not work!
21:35:03.092 [main] WARN  c.b.m.core.metadata.TableInfoHelper - This primary key of "cinemaId" is primitive !不建议如此请使用包装类 in Class: "com.zking.entity.Cinema"
21:35:03.138 [main] WARN  c.b.m.core.metadata.TableInfoHelper - This primary key of "movieId" is primitive !不建议如此请使用包装类 in Class: "com.zking.entity.Movie"
21:35:03.208 [main] WARN  c.b.m.core.metadata.TableInfoHelper - This primary key of "user_id" is primitive !不建议如此请使用包装类 in Class: "com.zking.entity.User"
21:35:03.886 [main] WARN  c.b.m.core.metadata.TableInfoHelper - Can not find table primary key in Class: "com.zking.entity.MovieType".
21:35:03.886 [main] WARN  c.b.m.c.injector.DefaultSqlInjector - class com.zking.entity.MovieType ,Not found @TableId annotation, Cannot use Mybatis-Plus 'xxById' Method.
21:36:22.103 [main] WARN  c.b.m.core.metadata.TableInfoHelper - This "hallId" is the table primary key by @TableId annotation in Class: "com.zking.entity.Hall",So @TableField annotation will not work!
21:36:22.103 [main] WARN  c.b.m.core.metadata.TableInfoHelper - This primary key of "hallId" is primitive !不建议如此请使用包装类 in Class: "com.zking.entity.Hall"
21:36:22.207 [main] WARN  c.b.m.core.metadata.TableInfoHelper - This "cinemaId" is the table primary key by @TableId annotation in Class: "com.zking.entity.Cinema",So @TableField annotation will not work!
21:36:22.207 [main] WARN  c.b.m.core.metadata.TableInfoHelper - This primary key of "cinemaId" is primitive !不建议如此请使用包装类 in Class: "com.zking.entity.Cinema"
21:36:22.260 [main] WARN  c.b.m.core.metadata.TableInfoHelper - This primary key of "movieId" is primitive !不建议如此请使用包装类 in Class: "com.zking.entity.Movie"
21:36:22.348 [main] WARN  c.b.m.core.metadata.TableInfoHelper - This primary key of "user_id" is primitive !不建议如此请使用包装类 in Class: "com.zking.entity.User"
21:36:22.945 [main] WARN  c.b.m.core.metadata.TableInfoHelper - Can not find table primary key in Class: "com.zking.entity.MovieType".
21:36:22.945 [main] WARN  c.b.m.c.injector.DefaultSqlInjector - class com.zking.entity.MovieType ,Not found @TableId annotation, Cannot use Mybatis-Plus 'xxById' Method.
21:38:02.343 [main] WARN  c.b.m.core.metadata.TableInfoHelper - This "hallId" is the table primary key by @TableId annotation in Class: "com.zking.entity.Hall",So @TableField annotation will not work!
21:38:02.344 [main] WARN  c.b.m.core.metadata.TableInfoHelper - This primary key of "hallId" is primitive !不建议如此请使用包装类 in Class: "com.zking.entity.Hall"
21:38:02.435 [main] WARN  c.b.m.core.metadata.TableInfoHelper - This "cinemaId" is the table primary key by @TableId annotation in Class: "com.zking.entity.Cinema",So @TableField annotation will not work!
21:38:02.436 [main] WARN  c.b.m.core.metadata.TableInfoHelper - This primary key of "cinemaId" is primitive !不建议如此请使用包装类 in Class: "com.zking.entity.Cinema"
21:38:02.488 [main] WARN  c.b.m.core.metadata.TableInfoHelper - This primary key of "movieId" is primitive !不建议如此请使用包装类 in Class: "com.zking.entity.Movie"
21:38:02.570 [main] WARN  c.b.m.core.metadata.TableInfoHelper - This primary key of "user_id" is primitive !不建议如此请使用包装类 in Class: "com.zking.entity.User"
21:38:03.233 [main] WARN  c.b.m.core.metadata.TableInfoHelper - Can not find table primary key in Class: "com.zking.entity.MovieType".
21:38:03.234 [main] WARN  c.b.m.c.injector.DefaultSqlInjector - class com.zking.entity.MovieType ,Not found @TableId annotation, Cannot use Mybatis-Plus 'xxById' Method.
