22:11:35.025 [main] WARN  c.b.m.core.metadata.TableInfoHelper - This "hallId" is the table primary key by @TableId annotation in Class: "com.zking.entity.Hall",So @TableField annotation will not work!
22:11:35.028 [main] WARN  c.b.m.core.metadata.TableInfoHelper - This primary key of "hallId" is primitive !不建议如此请使用包装类 in Class: "com.zking.entity.Hall"
22:11:35.128 [main] WARN  c.b.m.core.metadata.TableInfoHelper - This "cinemaId" is the table primary key by @TableId annotation in Class: "com.zking.entity.Cinema",So @TableField annotation will not work!
22:11:35.128 [main] WARN  c.b.m.core.metadata.TableInfoHelper - This primary key of "cinemaId" is primitive !不建议如此请使用包装类 in Class: "com.zking.entity.Cinema"
22:11:35.247 [main] WARN  c.b.m.core.metadata.TableInfoHelper - Can not find table primary key in Class: "com.zking.entity.MovieType".
22:11:35.247 [main] WARN  c.b.m.c.injector.DefaultSqlInjector - class com.zking.entity.MovieType ,Not found @TableId annotation, Cannot use Mybatis-Plus 'xxById' Method.
22:11:35.278 [main] WARN  c.b.m.core.metadata.TableInfoHelper - This "orderId" is the table primary key by @TableId annotation in Class: "com.zking.entity.Order",So @TableField annotation will not work!
22:11:35.346 [main] WARN  c.b.m.core.metadata.TableInfoHelper - This "scheduleId" is the table primary key by @TableId annotation in Class: "com.zking.entity.Schedule",So @TableField annotation will not work!
22:11:35.346 [main] WARN  c.b.m.core.metadata.TableInfoHelper - This primary key of "scheduleId" is primitive !不建议如此请使用包装类 in Class: "com.zking.entity.Schedule"
22:11:35.413 [main] WARN  c.b.m.core.metadata.TableInfoHelper - This "userId" is the table primary key by @TableId annotation in Class: "com.zking.entity.User",So @TableField annotation will not work!
22:12:33.822 [main] WARN  c.b.m.core.metadata.TableInfoHelper - This "hallId" is the table primary key by @TableId annotation in Class: "com.zking.entity.Hall",So @TableField annotation will not work!
22:12:33.823 [main] WARN  c.b.m.core.metadata.TableInfoHelper - This primary key of "hallId" is primitive !不建议如此请使用包装类 in Class: "com.zking.entity.Hall"
22:12:33.941 [main] WARN  c.b.m.core.metadata.TableInfoHelper - This "cinemaId" is the table primary key by @TableId annotation in Class: "com.zking.entity.Cinema",So @TableField annotation will not work!
22:12:33.941 [main] WARN  c.b.m.core.metadata.TableInfoHelper - This primary key of "cinemaId" is primitive !不建议如此请使用包装类 in Class: "com.zking.entity.Cinema"
22:12:34.049 [main] WARN  c.b.m.core.metadata.TableInfoHelper - Can not find table primary key in Class: "com.zking.entity.MovieType".
22:12:34.049 [main] WARN  c.b.m.c.injector.DefaultSqlInjector - class com.zking.entity.MovieType ,Not found @TableId annotation, Cannot use Mybatis-Plus 'xxById' Method.
22:12:34.093 [main] WARN  c.b.m.core.metadata.TableInfoHelper - This "orderId" is the table primary key by @TableId annotation in Class: "com.zking.entity.Order",So @TableField annotation will not work!
22:12:34.149 [main] WARN  c.b.m.core.metadata.TableInfoHelper - This "scheduleId" is the table primary key by @TableId annotation in Class: "com.zking.entity.Schedule",So @TableField annotation will not work!
22:12:34.150 [main] WARN  c.b.m.core.metadata.TableInfoHelper - This primary key of "scheduleId" is primitive !不建议如此请使用包装类 in Class: "com.zking.entity.Schedule"
22:12:34.192 [main] WARN  c.b.m.core.metadata.TableInfoHelper - This "userId" is the table primary key by @TableId annotation in Class: "com.zking.entity.User",So @TableField annotation will not work!
22:13:39.165 [main] WARN  c.b.m.core.metadata.TableInfoHelper - This "hallId" is the table primary key by @TableId annotation in Class: "com.zking.entity.Hall",So @TableField annotation will not work!
22:13:39.166 [main] WARN  c.b.m.core.metadata.TableInfoHelper - This primary key of "hallId" is primitive !不建议如此请使用包装类 in Class: "com.zking.entity.Hall"
22:13:39.254 [main] WARN  c.b.m.core.metadata.TableInfoHelper - This "cinemaId" is the table primary key by @TableId annotation in Class: "com.zking.entity.Cinema",So @TableField annotation will not work!
22:13:39.254 [main] WARN  c.b.m.core.metadata.TableInfoHelper - This primary key of "cinemaId" is primitive !不建议如此请使用包装类 in Class: "com.zking.entity.Cinema"
22:13:39.343 [main] WARN  c.b.m.core.metadata.TableInfoHelper - Can not find table primary key in Class: "com.zking.entity.MovieType".
22:13:39.343 [main] WARN  c.b.m.c.injector.DefaultSqlInjector - class com.zking.entity.MovieType ,Not found @TableId annotation, Cannot use Mybatis-Plus 'xxById' Method.
22:13:39.372 [main] WARN  c.b.m.core.metadata.TableInfoHelper - This "orderId" is the table primary key by @TableId annotation in Class: "com.zking.entity.Order",So @TableField annotation will not work!
22:13:39.428 [main] WARN  c.b.m.core.metadata.TableInfoHelper - This "scheduleId" is the table primary key by @TableId annotation in Class: "com.zking.entity.Schedule",So @TableField annotation will not work!
22:13:39.428 [main] WARN  c.b.m.core.metadata.TableInfoHelper - This primary key of "scheduleId" is primitive !不建议如此请使用包装类 in Class: "com.zking.entity.Schedule"
22:13:39.477 [main] WARN  c.b.m.core.metadata.TableInfoHelper - This "userId" is the table primary key by @TableId annotation in Class: "com.zking.entity.User",So @TableField annotation will not work!
22:15:31.253 [main] WARN  c.b.m.core.metadata.TableInfoHelper - This "hallId" is the table primary key by @TableId annotation in Class: "com.zking.entity.Hall",So @TableField annotation will not work!
22:15:31.254 [main] WARN  c.b.m.core.metadata.TableInfoHelper - This primary key of "hallId" is primitive !不建议如此请使用包装类 in Class: "com.zking.entity.Hall"
22:15:31.360 [main] WARN  c.b.m.core.metadata.TableInfoHelper - This "cinemaId" is the table primary key by @TableId annotation in Class: "com.zking.entity.Cinema",So @TableField annotation will not work!
22:15:31.360 [main] WARN  c.b.m.core.metadata.TableInfoHelper - This primary key of "cinemaId" is primitive !不建议如此请使用包装类 in Class: "com.zking.entity.Cinema"
22:15:31.459 [main] WARN  c.b.m.core.metadata.TableInfoHelper - Can not find table primary key in Class: "com.zking.entity.MovieType".
22:15:31.459 [main] WARN  c.b.m.c.injector.DefaultSqlInjector - class com.zking.entity.MovieType ,Not found @TableId annotation, Cannot use Mybatis-Plus 'xxById' Method.
22:15:31.498 [main] WARN  c.b.m.core.metadata.TableInfoHelper - This "orderId" is the table primary key by @TableId annotation in Class: "com.zking.entity.Order",So @TableField annotation will not work!
22:15:31.546 [main] WARN  c.b.m.core.metadata.TableInfoHelper - This "scheduleId" is the table primary key by @TableId annotation in Class: "com.zking.entity.Schedule",So @TableField annotation will not work!
22:15:31.546 [main] WARN  c.b.m.core.metadata.TableInfoHelper - This primary key of "scheduleId" is primitive !不建议如此请使用包装类 in Class: "com.zking.entity.Schedule"
22:15:31.587 [main] WARN  c.b.m.core.metadata.TableInfoHelper - This "userId" is the table primary key by @TableId annotation in Class: "com.zking.entity.User",So @TableField annotation will not work!
22:28:51.818 [main] WARN  c.b.m.core.metadata.TableInfoHelper - This "hallId" is the table primary key by @TableId annotation in Class: "com.zking.entity.Hall",So @TableField annotation will not work!
22:28:51.819 [main] WARN  c.b.m.core.metadata.TableInfoHelper - This primary key of "hallId" is primitive !不建议如此请使用包装类 in Class: "com.zking.entity.Hall"
22:28:51.928 [main] WARN  c.b.m.core.metadata.TableInfoHelper - This "cinemaId" is the table primary key by @TableId annotation in Class: "com.zking.entity.Cinema",So @TableField annotation will not work!
22:28:51.928 [main] WARN  c.b.m.core.metadata.TableInfoHelper - This primary key of "cinemaId" is primitive !不建议如此请使用包装类 in Class: "com.zking.entity.Cinema"
22:28:52.031 [main] WARN  c.b.m.core.metadata.TableInfoHelper - Can not find table primary key in Class: "com.zking.entity.MovieType".
22:28:52.032 [main] WARN  c.b.m.c.injector.DefaultSqlInjector - class com.zking.entity.MovieType ,Not found @TableId annotation, Cannot use Mybatis-Plus 'xxById' Method.
22:28:52.074 [main] WARN  c.b.m.core.metadata.TableInfoHelper - This "orderId" is the table primary key by @TableId annotation in Class: "com.zking.entity.Order",So @TableField annotation will not work!
22:28:52.134 [main] WARN  c.b.m.core.metadata.TableInfoHelper - This "scheduleId" is the table primary key by @TableId annotation in Class: "com.zking.entity.Schedule",So @TableField annotation will not work!
22:28:52.134 [main] WARN  c.b.m.core.metadata.TableInfoHelper - This primary key of "scheduleId" is primitive !不建议如此请使用包装类 in Class: "com.zking.entity.Schedule"
22:28:52.167 [main] WARN  c.b.m.core.metadata.TableInfoHelper - This "userId" is the table primary key by @TableId annotation in Class: "com.zking.entity.User",So @TableField annotation will not work!
22:35:58.414 [main] WARN  c.b.m.core.metadata.TableInfoHelper - This "hallId" is the table primary key by @TableId annotation in Class: "com.zking.entity.Hall",So @TableField annotation will not work!
22:35:58.415 [main] WARN  c.b.m.core.metadata.TableInfoHelper - This primary key of "hallId" is primitive !不建议如此请使用包装类 in Class: "com.zking.entity.Hall"
22:35:58.510 [main] WARN  c.b.m.core.metadata.TableInfoHelper - This "cinemaId" is the table primary key by @TableId annotation in Class: "com.zking.entity.Cinema",So @TableField annotation will not work!
22:35:58.511 [main] WARN  c.b.m.core.metadata.TableInfoHelper - This primary key of "cinemaId" is primitive !不建议如此请使用包装类 in Class: "com.zking.entity.Cinema"
22:35:58.603 [main] WARN  c.b.m.core.metadata.TableInfoHelper - Can not find table primary key in Class: "com.zking.entity.MovieType".
22:35:58.604 [main] WARN  c.b.m.c.injector.DefaultSqlInjector - class com.zking.entity.MovieType ,Not found @TableId annotation, Cannot use Mybatis-Plus 'xxById' Method.
22:35:58.640 [main] WARN  c.b.m.core.metadata.TableInfoHelper - This "orderId" is the table primary key by @TableId annotation in Class: "com.zking.entity.Order",So @TableField annotation will not work!
22:35:58.708 [main] WARN  c.b.m.core.metadata.TableInfoHelper - This "scheduleId" is the table primary key by @TableId annotation in Class: "com.zking.entity.Schedule",So @TableField annotation will not work!
22:35:58.709 [main] WARN  c.b.m.core.metadata.TableInfoHelper - This primary key of "scheduleId" is primitive !不建议如此请使用包装类 in Class: "com.zking.entity.Schedule"
22:35:58.745 [main] WARN  c.b.m.core.metadata.TableInfoHelper - This "userId" is the table primary key by @TableId annotation in Class: "com.zking.entity.User",So @TableField annotation will not work!
22:36:59.431 [main] WARN  c.b.m.core.metadata.TableInfoHelper - This "hallId" is the table primary key by @TableId annotation in Class: "com.zking.entity.Hall",So @TableField annotation will not work!
22:36:59.433 [main] WARN  c.b.m.core.metadata.TableInfoHelper - This primary key of "hallId" is primitive !不建议如此请使用包装类 in Class: "com.zking.entity.Hall"
22:36:59.533 [main] WARN  c.b.m.core.metadata.TableInfoHelper - This "cinemaId" is the table primary key by @TableId annotation in Class: "com.zking.entity.Cinema",So @TableField annotation will not work!
22:36:59.533 [main] WARN  c.b.m.core.metadata.TableInfoHelper - This primary key of "cinemaId" is primitive !不建议如此请使用包装类 in Class: "com.zking.entity.Cinema"
22:36:59.625 [main] WARN  c.b.m.core.metadata.TableInfoHelper - Can not find table primary key in Class: "com.zking.entity.MovieType".
22:36:59.625 [main] WARN  c.b.m.c.injector.DefaultSqlInjector - class com.zking.entity.MovieType ,Not found @TableId annotation, Cannot use Mybatis-Plus 'xxById' Method.
22:36:59.662 [main] WARN  c.b.m.core.metadata.TableInfoHelper - This "orderId" is the table primary key by @TableId annotation in Class: "com.zking.entity.Order",So @TableField annotation will not work!
22:36:59.721 [main] WARN  c.b.m.core.metadata.TableInfoHelper - This "scheduleId" is the table primary key by @TableId annotation in Class: "com.zking.entity.Schedule",So @TableField annotation will not work!
22:36:59.721 [main] WARN  c.b.m.core.metadata.TableInfoHelper - This primary key of "scheduleId" is primitive !不建议如此请使用包装类 in Class: "com.zking.entity.Schedule"
22:36:59.764 [main] WARN  c.b.m.core.metadata.TableInfoHelper - This "userId" is the table primary key by @TableId annotation in Class: "com.zking.entity.User",So @TableField annotation will not work!
22:38:39.192 [main] WARN  c.b.m.core.metadata.TableInfoHelper - This "hallId" is the table primary key by @TableId annotation in Class: "com.zking.entity.Hall",So @TableField annotation will not work!
22:38:39.193 [main] WARN  c.b.m.core.metadata.TableInfoHelper - This primary key of "hallId" is primitive !不建议如此请使用包装类 in Class: "com.zking.entity.Hall"
22:38:39.299 [main] WARN  c.b.m.core.metadata.TableInfoHelper - This "cinemaId" is the table primary key by @TableId annotation in Class: "com.zking.entity.Cinema",So @TableField annotation will not work!
22:38:39.299 [main] WARN  c.b.m.core.metadata.TableInfoHelper - This primary key of "cinemaId" is primitive !不建议如此请使用包装类 in Class: "com.zking.entity.Cinema"
22:38:39.401 [main] WARN  c.b.m.core.metadata.TableInfoHelper - Can not find table primary key in Class: "com.zking.entity.MovieType".
22:38:39.401 [main] WARN  c.b.m.c.injector.DefaultSqlInjector - class com.zking.entity.MovieType ,Not found @TableId annotation, Cannot use Mybatis-Plus 'xxById' Method.
22:38:39.434 [main] WARN  c.b.m.core.metadata.TableInfoHelper - This "orderId" is the table primary key by @TableId annotation in Class: "com.zking.entity.Order",So @TableField annotation will not work!
22:38:39.480 [main] WARN  c.b.m.core.metadata.TableInfoHelper - This "scheduleId" is the table primary key by @TableId annotation in Class: "com.zking.entity.Schedule",So @TableField annotation will not work!
22:38:39.480 [main] WARN  c.b.m.core.metadata.TableInfoHelper - This primary key of "scheduleId" is primitive !不建议如此请使用包装类 in Class: "com.zking.entity.Schedule"
22:38:39.535 [main] WARN  c.b.m.core.metadata.TableInfoHelper - This "userId" is the table primary key by @TableId annotation in Class: "com.zking.entity.User",So @TableField annotation will not work!
22:39:56.525 [main] WARN  c.b.m.core.metadata.TableInfoHelper - This "hallId" is the table primary key by @TableId annotation in Class: "com.zking.entity.Hall",So @TableField annotation will not work!
22:39:56.525 [main] WARN  c.b.m.core.metadata.TableInfoHelper - This primary key of "hallId" is primitive !不建议如此请使用包装类 in Class: "com.zking.entity.Hall"
22:39:56.615 [main] WARN  c.b.m.core.metadata.TableInfoHelper - This "cinemaId" is the table primary key by @TableId annotation in Class: "com.zking.entity.Cinema",So @TableField annotation will not work!
22:39:56.615 [main] WARN  c.b.m.core.metadata.TableInfoHelper - This primary key of "cinemaId" is primitive !不建议如此请使用包装类 in Class: "com.zking.entity.Cinema"
22:39:56.706 [main] WARN  c.b.m.core.metadata.TableInfoHelper - Can not find table primary key in Class: "com.zking.entity.MovieType".
22:39:56.707 [main] WARN  c.b.m.c.injector.DefaultSqlInjector - class com.zking.entity.MovieType ,Not found @TableId annotation, Cannot use Mybatis-Plus 'xxById' Method.
22:39:56.737 [main] WARN  c.b.m.core.metadata.TableInfoHelper - This "orderId" is the table primary key by @TableId annotation in Class: "com.zking.entity.Order",So @TableField annotation will not work!
22:39:56.791 [main] WARN  c.b.m.core.metadata.TableInfoHelper - This "scheduleId" is the table primary key by @TableId annotation in Class: "com.zking.entity.Schedule",So @TableField annotation will not work!
22:39:56.791 [main] WARN  c.b.m.core.metadata.TableInfoHelper - This primary key of "scheduleId" is primitive !不建议如此请使用包装类 in Class: "com.zking.entity.Schedule"
22:39:56.841 [main] WARN  c.b.m.core.metadata.TableInfoHelper - This "userId" is the table primary key by @TableId annotation in Class: "com.zking.entity.User",So @TableField annotation will not work!
22:40:26.605 [main] WARN  c.b.m.core.metadata.TableInfoHelper - This "hallId" is the table primary key by @TableId annotation in Class: "com.zking.entity.Hall",So @TableField annotation will not work!
22:40:26.605 [main] WARN  c.b.m.core.metadata.TableInfoHelper - This primary key of "hallId" is primitive !不建议如此请使用包装类 in Class: "com.zking.entity.Hall"
22:40:26.691 [main] WARN  c.b.m.core.metadata.TableInfoHelper - This "cinemaId" is the table primary key by @TableId annotation in Class: "com.zking.entity.Cinema",So @TableField annotation will not work!
22:40:26.691 [main] WARN  c.b.m.core.metadata.TableInfoHelper - This primary key of "cinemaId" is primitive !不建议如此请使用包装类 in Class: "com.zking.entity.Cinema"
22:40:26.780 [main] WARN  c.b.m.core.metadata.TableInfoHelper - Can not find table primary key in Class: "com.zking.entity.MovieType".
22:40:26.780 [main] WARN  c.b.m.c.injector.DefaultSqlInjector - class com.zking.entity.MovieType ,Not found @TableId annotation, Cannot use Mybatis-Plus 'xxById' Method.
22:40:26.812 [main] WARN  c.b.m.core.metadata.TableInfoHelper - This "orderId" is the table primary key by @TableId annotation in Class: "com.zking.entity.Order",So @TableField annotation will not work!
22:40:26.879 [main] WARN  c.b.m.core.metadata.TableInfoHelper - This "scheduleId" is the table primary key by @TableId annotation in Class: "com.zking.entity.Schedule",So @TableField annotation will not work!
22:40:26.879 [main] WARN  c.b.m.core.metadata.TableInfoHelper - This primary key of "scheduleId" is primitive !不建议如此请使用包装类 in Class: "com.zking.entity.Schedule"
22:40:26.935 [main] WARN  c.b.m.core.metadata.TableInfoHelper - This "userId" is the table primary key by @TableId annotation in Class: "com.zking.entity.User",So @TableField annotation will not work!
22:42:32.926 [main] WARN  c.b.m.core.metadata.TableInfoHelper - This "hallId" is the table primary key by @TableId annotation in Class: "com.zking.entity.Hall",So @TableField annotation will not work!
22:42:32.927 [main] WARN  c.b.m.core.metadata.TableInfoHelper - This primary key of "hallId" is primitive !不建议如此请使用包装类 in Class: "com.zking.entity.Hall"
22:42:33.019 [main] WARN  c.b.m.core.metadata.TableInfoHelper - This "cinemaId" is the table primary key by @TableId annotation in Class: "com.zking.entity.Cinema",So @TableField annotation will not work!
22:42:33.020 [main] WARN  c.b.m.core.metadata.TableInfoHelper - This primary key of "cinemaId" is primitive !不建议如此请使用包装类 in Class: "com.zking.entity.Cinema"
22:42:33.110 [main] WARN  c.b.m.core.metadata.TableInfoHelper - Can not find table primary key in Class: "com.zking.entity.MovieType".
22:42:33.110 [main] WARN  c.b.m.c.injector.DefaultSqlInjector - class com.zking.entity.MovieType ,Not found @TableId annotation, Cannot use Mybatis-Plus 'xxById' Method.
22:42:33.148 [main] WARN  c.b.m.core.metadata.TableInfoHelper - This "orderId" is the table primary key by @TableId annotation in Class: "com.zking.entity.Order",So @TableField annotation will not work!
22:42:33.221 [main] WARN  c.b.m.core.metadata.TableInfoHelper - This "scheduleId" is the table primary key by @TableId annotation in Class: "com.zking.entity.Schedule",So @TableField annotation will not work!
22:42:33.221 [main] WARN  c.b.m.core.metadata.TableInfoHelper - This primary key of "scheduleId" is primitive !不建议如此请使用包装类 in Class: "com.zking.entity.Schedule"
22:42:33.258 [main] WARN  c.b.m.core.metadata.TableInfoHelper - This "userId" is the table primary key by @TableId annotation in Class: "com.zking.entity.User",So @TableField annotation will not work!
22:43:02.413 [main] WARN  c.b.m.core.metadata.TableInfoHelper - This "hallId" is the table primary key by @TableId annotation in Class: "com.zking.entity.Hall",So @TableField annotation will not work!
22:43:02.414 [main] WARN  c.b.m.core.metadata.TableInfoHelper - This primary key of "hallId" is primitive !不建议如此请使用包装类 in Class: "com.zking.entity.Hall"
22:43:02.518 [main] WARN  c.b.m.core.metadata.TableInfoHelper - This "cinemaId" is the table primary key by @TableId annotation in Class: "com.zking.entity.Cinema",So @TableField annotation will not work!
22:43:02.518 [main] WARN  c.b.m.core.metadata.TableInfoHelper - This primary key of "cinemaId" is primitive !不建议如此请使用包装类 in Class: "com.zking.entity.Cinema"
22:43:02.623 [main] WARN  c.b.m.core.metadata.TableInfoHelper - Can not find table primary key in Class: "com.zking.entity.MovieType".
22:43:02.623 [main] WARN  c.b.m.c.injector.DefaultSqlInjector - class com.zking.entity.MovieType ,Not found @TableId annotation, Cannot use Mybatis-Plus 'xxById' Method.
22:43:02.653 [main] WARN  c.b.m.core.metadata.TableInfoHelper - This "orderId" is the table primary key by @TableId annotation in Class: "com.zking.entity.Order",So @TableField annotation will not work!
22:43:02.704 [main] WARN  c.b.m.core.metadata.TableInfoHelper - This "scheduleId" is the table primary key by @TableId annotation in Class: "com.zking.entity.Schedule",So @TableField annotation will not work!
22:43:02.704 [main] WARN  c.b.m.core.metadata.TableInfoHelper - This primary key of "scheduleId" is primitive !不建议如此请使用包装类 in Class: "com.zking.entity.Schedule"
22:43:02.754 [main] WARN  c.b.m.core.metadata.TableInfoHelper - This "userId" is the table primary key by @TableId annotation in Class: "com.zking.entity.User",So @TableField annotation will not work!
22:46:43.728 [main] WARN  c.b.m.core.metadata.TableInfoHelper - This "hallId" is the table primary key by @TableId annotation in Class: "com.zking.entity.Hall",So @TableField annotation will not work!
22:46:43.729 [main] WARN  c.b.m.core.metadata.TableInfoHelper - This primary key of "hallId" is primitive !不建议如此请使用包装类 in Class: "com.zking.entity.Hall"
22:46:43.824 [main] WARN  c.b.m.core.metadata.TableInfoHelper - This "cinemaId" is the table primary key by @TableId annotation in Class: "com.zking.entity.Cinema",So @TableField annotation will not work!
22:46:43.824 [main] WARN  c.b.m.core.metadata.TableInfoHelper - This primary key of "cinemaId" is primitive !不建议如此请使用包装类 in Class: "com.zking.entity.Cinema"
22:46:43.918 [main] WARN  c.b.m.core.metadata.TableInfoHelper - Can not find table primary key in Class: "com.zking.entity.MovieType".
22:46:43.919 [main] WARN  c.b.m.c.injector.DefaultSqlInjector - class com.zking.entity.MovieType ,Not found @TableId annotation, Cannot use Mybatis-Plus 'xxById' Method.
22:46:43.957 [main] WARN  c.b.m.core.metadata.TableInfoHelper - This "orderId" is the table primary key by @TableId annotation in Class: "com.zking.entity.Order",So @TableField annotation will not work!
22:46:44.027 [main] WARN  c.b.m.core.metadata.TableInfoHelper - This "scheduleId" is the table primary key by @TableId annotation in Class: "com.zking.entity.Schedule",So @TableField annotation will not work!
22:46:44.027 [main] WARN  c.b.m.core.metadata.TableInfoHelper - This primary key of "scheduleId" is primitive !不建议如此请使用包装类 in Class: "com.zking.entity.Schedule"
22:46:44.067 [main] WARN  c.b.m.core.metadata.TableInfoHelper - This "userId" is the table primary key by @TableId annotation in Class: "com.zking.entity.User",So @TableField annotation will not work!
22:51:59.942 [main] WARN  c.b.m.core.metadata.TableInfoHelper - This "hallId" is the table primary key by @TableId annotation in Class: "com.zking.entity.Hall",So @TableField annotation will not work!
22:51:59.944 [main] WARN  c.b.m.core.metadata.TableInfoHelper - This primary key of "hallId" is primitive !不建议如此请使用包装类 in Class: "com.zking.entity.Hall"
22:52:00.046 [main] WARN  c.b.m.core.metadata.TableInfoHelper - This "cinemaId" is the table primary key by @TableId annotation in Class: "com.zking.entity.Cinema",So @TableField annotation will not work!
22:52:00.047 [main] WARN  c.b.m.core.metadata.TableInfoHelper - This primary key of "cinemaId" is primitive !不建议如此请使用包装类 in Class: "com.zking.entity.Cinema"
22:52:00.141 [main] WARN  c.b.m.core.metadata.TableInfoHelper - Can not find table primary key in Class: "com.zking.entity.MovieType".
22:52:00.141 [main] WARN  c.b.m.c.injector.DefaultSqlInjector - class com.zking.entity.MovieType ,Not found @TableId annotation, Cannot use Mybatis-Plus 'xxById' Method.
22:52:00.169 [main] WARN  c.b.m.core.metadata.TableInfoHelper - This "orderId" is the table primary key by @TableId annotation in Class: "com.zking.entity.Order",So @TableField annotation will not work!
22:52:00.205 [main] WARN  c.b.m.core.metadata.TableInfoHelper - This "scheduleId" is the table primary key by @TableId annotation in Class: "com.zking.entity.Schedule",So @TableField annotation will not work!
22:52:00.205 [main] WARN  c.b.m.core.metadata.TableInfoHelper - This primary key of "scheduleId" is primitive !不建议如此请使用包装类 in Class: "com.zking.entity.Schedule"
22:52:00.242 [main] WARN  c.b.m.core.metadata.TableInfoHelper - This "userId" is the table primary key by @TableId annotation in Class: "com.zking.entity.User",So @TableField annotation will not work!
22:54:27.244 [main] WARN  c.b.m.core.metadata.TableInfoHelper - This "hallId" is the table primary key by @TableId annotation in Class: "com.zking.entity.Hall",So @TableField annotation will not work!
22:54:27.245 [main] WARN  c.b.m.core.metadata.TableInfoHelper - This primary key of "hallId" is primitive !不建议如此请使用包装类 in Class: "com.zking.entity.Hall"
22:54:27.385 [main] WARN  c.b.m.core.metadata.TableInfoHelper - This "cinemaId" is the table primary key by @TableId annotation in Class: "com.zking.entity.Cinema",So @TableField annotation will not work!
22:54:27.386 [main] WARN  c.b.m.core.metadata.TableInfoHelper - This primary key of "cinemaId" is primitive !不建议如此请使用包装类 in Class: "com.zking.entity.Cinema"
22:54:27.493 [main] WARN  c.b.m.core.metadata.TableInfoHelper - Can not find table primary key in Class: "com.zking.entity.MovieType".
22:54:27.493 [main] WARN  c.b.m.c.injector.DefaultSqlInjector - class com.zking.entity.MovieType ,Not found @TableId annotation, Cannot use Mybatis-Plus 'xxById' Method.
22:54:27.532 [main] WARN  c.b.m.core.metadata.TableInfoHelper - This "orderId" is the table primary key by @TableId annotation in Class: "com.zking.entity.Order",So @TableField annotation will not work!
22:54:27.575 [main] WARN  c.b.m.core.metadata.TableInfoHelper - This "scheduleId" is the table primary key by @TableId annotation in Class: "com.zking.entity.Schedule",So @TableField annotation will not work!
22:54:27.575 [main] WARN  c.b.m.core.metadata.TableInfoHelper - This primary key of "scheduleId" is primitive !不建议如此请使用包装类 in Class: "com.zking.entity.Schedule"
22:54:27.611 [main] WARN  c.b.m.core.metadata.TableInfoHelper - This "userId" is the table primary key by @TableId annotation in Class: "com.zking.entity.User",So @TableField annotation will not work!
