03:57:18.682 [main] WARN  c.b.m.core.metadata.TableInfoHelper - This "hallId" is the table primary key by @TableId annotation in Class: "com.zking.entity.Hall",So @TableField annotation will not work!
03:57:18.683 [main] WARN  c.b.m.core.metadata.TableInfoHelper - This primary key of "hallId" is primitive !不建议如此请使用包装类 in Class: "com.zking.entity.Hall"
03:57:18.784 [main] WARN  c.b.m.core.metadata.TableInfoHelper - This "cinemaId" is the table primary key by @TableId annotation in Class: "com.zking.entity.Cinema",So @TableField annotation will not work!
03:57:18.785 [main] WARN  c.b.m.core.metadata.TableInfoHelper - This primary key of "cinemaId" is primitive !不建议如此请使用包装类 in Class: "com.zking.entity.Cinema"
03:57:18.910 [main] WARN  c.b.m.core.metadata.TableInfoHelper - This primary key of "movieId" is primitive !不建议如此请使用包装类 in Class: "com.zking.entity.Movie"
03:57:18.968 [main] WARN  c.b.m.core.metadata.TableInfoHelper - Can not find table primary key in Class: "com.zking.entity.MovieType".
03:57:18.969 [main] WARN  c.b.m.c.injector.DefaultSqlInjector - class com.zking.entity.MovieType ,Not found @TableId annotation, Cannot use Mybatis-Plus 'xxById' Method.
03:57:19.015 [main] WARN  c.b.m.core.metadata.TableInfoHelper - This "scheduleId" is the table primary key by @TableId annotation in Class: "com.zking.entity.Schedule",So @TableField annotation will not work!
03:57:19.015 [main] WARN  c.b.m.core.metadata.TableInfoHelper - This primary key of "scheduleId" is primitive !不建议如此请使用包装类 in Class: "com.zking.entity.Schedule"
03:57:19.053 [main] WARN  c.b.m.core.metadata.TableInfoHelper - This "userId" is the table primary key by @TableId annotation in Class: "com.zking.entity.User",So @TableField annotation will not work!
03:57:19.053 [main] WARN  c.b.m.core.metadata.TableInfoHelper - This primary key of "userId" is primitive !不建议如此请使用包装类 in Class: "com.zking.entity.User"
05:11:55.226 [main] WARN  c.b.m.core.metadata.TableInfoHelper - This "hallId" is the table primary key by @TableId annotation in Class: "com.zking.entity.Hall",So @TableField annotation will not work!
05:11:55.226 [main] WARN  c.b.m.core.metadata.TableInfoHelper - This primary key of "hallId" is primitive !不建议如此请使用包装类 in Class: "com.zking.entity.Hall"
05:11:55.317 [main] WARN  c.b.m.core.metadata.TableInfoHelper - This "cinemaId" is the table primary key by @TableId annotation in Class: "com.zking.entity.Cinema",So @TableField annotation will not work!
05:11:55.317 [main] WARN  c.b.m.core.metadata.TableInfoHelper - This primary key of "cinemaId" is primitive !不建议如此请使用包装类 in Class: "com.zking.entity.Cinema"
05:11:55.357 [main] WARN  c.b.m.core.metadata.TableInfoHelper - This primary key of "movieId" is primitive !不建议如此请使用包装类 in Class: "com.zking.entity.Movie"
05:11:55.401 [main] WARN  c.b.m.core.metadata.TableInfoHelper - Can not find table primary key in Class: "com.zking.entity.MovieType".
05:11:55.401 [main] WARN  c.b.m.c.injector.DefaultSqlInjector - class com.zking.entity.MovieType ,Not found @TableId annotation, Cannot use Mybatis-Plus 'xxById' Method.
05:11:55.470 [main] WARN  c.b.m.core.metadata.TableInfoHelper - This "scheduleId" is the table primary key by @TableId annotation in Class: "com.zking.entity.Schedule",So @TableField annotation will not work!
05:11:55.470 [main] WARN  c.b.m.core.metadata.TableInfoHelper - This primary key of "scheduleId" is primitive !不建议如此请使用包装类 in Class: "com.zking.entity.Schedule"
05:11:55.496 [main] WARN  c.b.m.core.metadata.TableInfoHelper - This "userId" is the table primary key by @TableId annotation in Class: "com.zking.entity.User",So @TableField annotation will not work!
05:11:55.496 [main] WARN  c.b.m.core.metadata.TableInfoHelper - This primary key of "userId" is primitive !不建议如此请使用包装类 in Class: "com.zking.entity.User"
05:18:02.777 [main] WARN  c.b.m.core.metadata.TableInfoHelper - This "hallId" is the table primary key by @TableId annotation in Class: "com.zking.entity.Hall",So @TableField annotation will not work!
05:18:02.778 [main] WARN  c.b.m.core.metadata.TableInfoHelper - This primary key of "hallId" is primitive !不建议如此请使用包装类 in Class: "com.zking.entity.Hall"
05:18:02.893 [main] WARN  c.b.m.core.metadata.TableInfoHelper - This "cinemaId" is the table primary key by @TableId annotation in Class: "com.zking.entity.Cinema",So @TableField annotation will not work!
05:18:02.894 [main] WARN  c.b.m.core.metadata.TableInfoHelper - This primary key of "cinemaId" is primitive !不建议如此请使用包装类 in Class: "com.zking.entity.Cinema"
05:18:02.949 [main] WARN  c.b.m.core.metadata.TableInfoHelper - This primary key of "movieId" is primitive !不建议如此请使用包装类 in Class: "com.zking.entity.Movie"
05:18:02.998 [main] WARN  c.b.m.core.metadata.TableInfoHelper - Can not find table primary key in Class: "com.zking.entity.MovieType".
05:18:02.998 [main] WARN  c.b.m.c.injector.DefaultSqlInjector - class com.zking.entity.MovieType ,Not found @TableId annotation, Cannot use Mybatis-Plus 'xxById' Method.
05:18:03.068 [main] WARN  c.b.m.core.metadata.TableInfoHelper - This "scheduleId" is the table primary key by @TableId annotation in Class: "com.zking.entity.Schedule",So @TableField annotation will not work!
05:18:03.069 [main] WARN  c.b.m.core.metadata.TableInfoHelper - This primary key of "scheduleId" is primitive !不建议如此请使用包装类 in Class: "com.zking.entity.Schedule"
05:18:03.116 [main] WARN  c.b.m.core.metadata.TableInfoHelper - This "userId" is the table primary key by @TableId annotation in Class: "com.zking.entity.User",So @TableField annotation will not work!
05:18:03.117 [main] WARN  c.b.m.core.metadata.TableInfoHelper - This primary key of "userId" is primitive !不建议如此请使用包装类 in Class: "com.zking.entity.User"
05:26:54.890 [main] WARN  c.b.m.core.metadata.TableInfoHelper - This "hallId" is the table primary key by @TableId annotation in Class: "com.zking.entity.Hall",So @TableField annotation will not work!
05:26:54.892 [main] WARN  c.b.m.core.metadata.TableInfoHelper - This primary key of "hallId" is primitive !不建议如此请使用包装类 in Class: "com.zking.entity.Hall"
05:26:55.002 [main] WARN  c.b.m.core.metadata.TableInfoHelper - This "cinemaId" is the table primary key by @TableId annotation in Class: "com.zking.entity.Cinema",So @TableField annotation will not work!
05:26:55.002 [main] WARN  c.b.m.core.metadata.TableInfoHelper - This primary key of "cinemaId" is primitive !不建议如此请使用包装类 in Class: "com.zking.entity.Cinema"
05:26:55.055 [main] WARN  c.b.m.core.metadata.TableInfoHelper - This primary key of "movieId" is primitive !不建议如此请使用包装类 in Class: "com.zking.entity.Movie"
05:26:55.115 [main] WARN  c.b.m.core.metadata.TableInfoHelper - Can not find table primary key in Class: "com.zking.entity.MovieType".
05:26:55.115 [main] WARN  c.b.m.c.injector.DefaultSqlInjector - class com.zking.entity.MovieType ,Not found @TableId annotation, Cannot use Mybatis-Plus 'xxById' Method.
05:26:55.179 [main] WARN  c.b.m.core.metadata.TableInfoHelper - This "scheduleId" is the table primary key by @TableId annotation in Class: "com.zking.entity.Schedule",So @TableField annotation will not work!
05:26:55.179 [main] WARN  c.b.m.core.metadata.TableInfoHelper - This primary key of "scheduleId" is primitive !不建议如此请使用包装类 in Class: "com.zking.entity.Schedule"
05:26:55.231 [main] WARN  c.b.m.core.metadata.TableInfoHelper - This "userId" is the table primary key by @TableId annotation in Class: "com.zking.entity.User",So @TableField annotation will not work!
05:26:55.231 [main] WARN  c.b.m.core.metadata.TableInfoHelper - This primary key of "userId" is primitive !不建议如此请使用包装类 in Class: "com.zking.entity.User"
15:05:11.854 [main] WARN  c.b.m.core.metadata.TableInfoHelper - This "hallId" is the table primary key by @TableId annotation in Class: "com.zking.entity.Hall",So @TableField annotation will not work!
15:05:11.857 [main] WARN  c.b.m.core.metadata.TableInfoHelper - This primary key of "hallId" is primitive !不建议如此请使用包装类 in Class: "com.zking.entity.Hall"
15:05:12.010 [main] WARN  c.b.m.core.metadata.TableInfoHelper - This "cinemaId" is the table primary key by @TableId annotation in Class: "com.zking.entity.Cinema",So @TableField annotation will not work!
15:05:12.011 [main] WARN  c.b.m.core.metadata.TableInfoHelper - This primary key of "cinemaId" is primitive !不建议如此请使用包装类 in Class: "com.zking.entity.Cinema"
15:05:12.088 [main] WARN  c.b.m.core.metadata.TableInfoHelper - This primary key of "movieId" is primitive !不建议如此请使用包装类 in Class: "com.zking.entity.Movie"
15:05:12.149 [main] WARN  c.b.m.core.metadata.TableInfoHelper - Can not find table primary key in Class: "com.zking.entity.MovieType".
15:05:12.150 [main] WARN  c.b.m.c.injector.DefaultSqlInjector - class com.zking.entity.MovieType ,Not found @TableId annotation, Cannot use Mybatis-Plus 'xxById' Method.
15:05:12.193 [main] WARN  c.b.m.core.metadata.TableInfoHelper - This "orderId" is the table primary key by @TableId annotation in Class: "com.zking.entity.Order",So @TableField annotation will not work!
15:05:12.233 [main] WARN  c.b.m.core.metadata.TableInfoHelper - This "scheduleId" is the table primary key by @TableId annotation in Class: "com.zking.entity.Schedule",So @TableField annotation will not work!
15:05:12.233 [main] WARN  c.b.m.core.metadata.TableInfoHelper - This primary key of "scheduleId" is primitive !不建议如此请使用包装类 in Class: "com.zking.entity.Schedule"
15:05:12.257 [main] WARN  c.b.m.core.metadata.TableInfoHelper - This "userId" is the table primary key by @TableId annotation in Class: "com.zking.entity.User",So @TableField annotation will not work!
16:46:04.271 [main] WARN  c.b.m.core.metadata.TableInfoHelper - This "hallId" is the table primary key by @TableId annotation in Class: "com.zking.entity.Hall",So @TableField annotation will not work!
16:46:04.272 [main] WARN  c.b.m.core.metadata.TableInfoHelper - This primary key of "hallId" is primitive !不建议如此请使用包装类 in Class: "com.zking.entity.Hall"
16:46:04.358 [main] WARN  c.b.m.core.metadata.TableInfoHelper - This "cinemaId" is the table primary key by @TableId annotation in Class: "com.zking.entity.Cinema",So @TableField annotation will not work!
16:46:04.358 [main] WARN  c.b.m.core.metadata.TableInfoHelper - This primary key of "cinemaId" is primitive !不建议如此请使用包装类 in Class: "com.zking.entity.Cinema"
16:46:04.406 [main] WARN  c.b.m.core.metadata.TableInfoHelper - This primary key of "movieId" is primitive !不建议如此请使用包装类 in Class: "com.zking.entity.Movie"
16:46:04.452 [main] WARN  c.b.m.core.metadata.TableInfoHelper - Can not find table primary key in Class: "com.zking.entity.MovieType".
16:46:04.453 [main] WARN  c.b.m.c.injector.DefaultSqlInjector - class com.zking.entity.MovieType ,Not found @TableId annotation, Cannot use Mybatis-Plus 'xxById' Method.
16:46:04.490 [main] WARN  c.b.m.core.metadata.TableInfoHelper - This "orderId" is the table primary key by @TableId annotation in Class: "com.zking.entity.Order",So @TableField annotation will not work!
16:46:04.538 [main] WARN  c.b.m.core.metadata.TableInfoHelper - This "scheduleId" is the table primary key by @TableId annotation in Class: "com.zking.entity.Schedule",So @TableField annotation will not work!
16:46:04.539 [main] WARN  c.b.m.core.metadata.TableInfoHelper - This primary key of "scheduleId" is primitive !不建议如此请使用包装类 in Class: "com.zking.entity.Schedule"
16:46:04.587 [main] WARN  c.b.m.core.metadata.TableInfoHelper - This "userId" is the table primary key by @TableId annotation in Class: "com.zking.entity.User",So @TableField annotation will not work!
16:46:20.581 [main] WARN  c.b.m.core.metadata.TableInfoHelper - This "hallId" is the table primary key by @TableId annotation in Class: "com.zking.entity.Hall",So @TableField annotation will not work!
16:46:20.583 [main] WARN  c.b.m.core.metadata.TableInfoHelper - This primary key of "hallId" is primitive !不建议如此请使用包装类 in Class: "com.zking.entity.Hall"
16:46:20.684 [main] WARN  c.b.m.core.metadata.TableInfoHelper - This "cinemaId" is the table primary key by @TableId annotation in Class: "com.zking.entity.Cinema",So @TableField annotation will not work!
16:46:20.684 [main] WARN  c.b.m.core.metadata.TableInfoHelper - This primary key of "cinemaId" is primitive !不建议如此请使用包装类 in Class: "com.zking.entity.Cinema"
16:46:20.729 [main] WARN  c.b.m.core.metadata.TableInfoHelper - This primary key of "movieId" is primitive !不建议如此请使用包装类 in Class: "com.zking.entity.Movie"
16:46:20.777 [main] WARN  c.b.m.core.metadata.TableInfoHelper - Can not find table primary key in Class: "com.zking.entity.MovieType".
16:46:20.777 [main] WARN  c.b.m.c.injector.DefaultSqlInjector - class com.zking.entity.MovieType ,Not found @TableId annotation, Cannot use Mybatis-Plus 'xxById' Method.
16:46:20.814 [main] WARN  c.b.m.core.metadata.TableInfoHelper - This "orderId" is the table primary key by @TableId annotation in Class: "com.zking.entity.Order",So @TableField annotation will not work!
16:46:20.865 [main] WARN  c.b.m.core.metadata.TableInfoHelper - This "scheduleId" is the table primary key by @TableId annotation in Class: "com.zking.entity.Schedule",So @TableField annotation will not work!
16:46:20.865 [main] WARN  c.b.m.core.metadata.TableInfoHelper - This primary key of "scheduleId" is primitive !不建议如此请使用包装类 in Class: "com.zking.entity.Schedule"
16:46:20.905 [main] WARN  c.b.m.core.metadata.TableInfoHelper - This "userId" is the table primary key by @TableId annotation in Class: "com.zking.entity.User",So @TableField annotation will not work!
16:46:27.926 [main] WARN  c.b.m.core.metadata.TableInfoHelper - This "hallId" is the table primary key by @TableId annotation in Class: "com.zking.entity.Hall",So @TableField annotation will not work!
16:46:27.927 [main] WARN  c.b.m.core.metadata.TableInfoHelper - This primary key of "hallId" is primitive !不建议如此请使用包装类 in Class: "com.zking.entity.Hall"
16:46:28.016 [main] WARN  c.b.m.core.metadata.TableInfoHelper - This "cinemaId" is the table primary key by @TableId annotation in Class: "com.zking.entity.Cinema",So @TableField annotation will not work!
16:46:28.016 [main] WARN  c.b.m.core.metadata.TableInfoHelper - This primary key of "cinemaId" is primitive !不建议如此请使用包装类 in Class: "com.zking.entity.Cinema"
16:46:28.061 [main] WARN  c.b.m.core.metadata.TableInfoHelper - This primary key of "movieId" is primitive !不建议如此请使用包装类 in Class: "com.zking.entity.Movie"
16:46:28.106 [main] WARN  c.b.m.core.metadata.TableInfoHelper - Can not find table primary key in Class: "com.zking.entity.MovieType".
16:46:28.107 [main] WARN  c.b.m.c.injector.DefaultSqlInjector - class com.zking.entity.MovieType ,Not found @TableId annotation, Cannot use Mybatis-Plus 'xxById' Method.
16:46:28.140 [main] WARN  c.b.m.core.metadata.TableInfoHelper - This "orderId" is the table primary key by @TableId annotation in Class: "com.zking.entity.Order",So @TableField annotation will not work!
16:46:28.179 [main] WARN  c.b.m.core.metadata.TableInfoHelper - This "scheduleId" is the table primary key by @TableId annotation in Class: "com.zking.entity.Schedule",So @TableField annotation will not work!
16:46:28.182 [main] WARN  c.b.m.core.metadata.TableInfoHelper - This primary key of "scheduleId" is primitive !不建议如此请使用包装类 in Class: "com.zking.entity.Schedule"
16:46:28.221 [main] WARN  c.b.m.core.metadata.TableInfoHelper - This "userId" is the table primary key by @TableId annotation in Class: "com.zking.entity.User",So @TableField annotation will not work!
17:53:20.666 [main] WARN  c.b.m.core.metadata.TableInfoHelper - This "hallId" is the table primary key by @TableId annotation in Class: "com.zking.entity.Hall",So @TableField annotation will not work!
17:53:20.667 [main] WARN  c.b.m.core.metadata.TableInfoHelper - This primary key of "hallId" is primitive !不建议如此请使用包装类 in Class: "com.zking.entity.Hall"
17:53:20.763 [main] WARN  c.b.m.core.metadata.TableInfoHelper - This "cinemaId" is the table primary key by @TableId annotation in Class: "com.zking.entity.Cinema",So @TableField annotation will not work!
17:53:20.764 [main] WARN  c.b.m.core.metadata.TableInfoHelper - This primary key of "cinemaId" is primitive !不建议如此请使用包装类 in Class: "com.zking.entity.Cinema"
17:53:20.818 [main] WARN  c.b.m.core.metadata.TableInfoHelper - This primary key of "movieId" is primitive !不建议如此请使用包装类 in Class: "com.zking.entity.Movie"
17:53:20.861 [main] WARN  c.b.m.core.metadata.TableInfoHelper - Can not find table primary key in Class: "com.zking.entity.MovieType".
17:53:20.861 [main] WARN  c.b.m.c.injector.DefaultSqlInjector - class com.zking.entity.MovieType ,Not found @TableId annotation, Cannot use Mybatis-Plus 'xxById' Method.
17:53:20.889 [main] WARN  c.b.m.core.metadata.TableInfoHelper - This "orderId" is the table primary key by @TableId annotation in Class: "com.zking.entity.Order",So @TableField annotation will not work!
17:53:20.926 [main] WARN  c.b.m.core.metadata.TableInfoHelper - This "scheduleId" is the table primary key by @TableId annotation in Class: "com.zking.entity.Schedule",So @TableField annotation will not work!
17:53:20.926 [main] WARN  c.b.m.core.metadata.TableInfoHelper - This primary key of "scheduleId" is primitive !不建议如此请使用包装类 in Class: "com.zking.entity.Schedule"
17:53:20.959 [main] WARN  c.b.m.core.metadata.TableInfoHelper - This "userId" is the table primary key by @TableId annotation in Class: "com.zking.entity.User",So @TableField annotation will not work!
18:08:46.075 [main] WARN  c.b.m.core.metadata.TableInfoHelper - This "hallId" is the table primary key by @TableId annotation in Class: "com.zking.entity.Hall",So @TableField annotation will not work!
18:08:46.076 [main] WARN  c.b.m.core.metadata.TableInfoHelper - This primary key of "hallId" is primitive !不建议如此请使用包装类 in Class: "com.zking.entity.Hall"
18:08:46.142 [main] WARN  c.b.m.core.metadata.TableInfoHelper - This "cinemaId" is the table primary key by @TableId annotation in Class: "com.zking.entity.Cinema",So @TableField annotation will not work!
18:08:46.143 [main] WARN  c.b.m.core.metadata.TableInfoHelper - This primary key of "cinemaId" is primitive !不建议如此请使用包装类 in Class: "com.zking.entity.Cinema"
18:08:46.193 [main] WARN  c.b.m.core.metadata.TableInfoHelper - This primary key of "movieId" is primitive !不建议如此请使用包装类 in Class: "com.zking.entity.Movie"
18:08:46.245 [main] WARN  c.b.m.core.metadata.TableInfoHelper - Can not find table primary key in Class: "com.zking.entity.MovieType".
18:08:46.245 [main] WARN  c.b.m.c.injector.DefaultSqlInjector - class com.zking.entity.MovieType ,Not found @TableId annotation, Cannot use Mybatis-Plus 'xxById' Method.
18:08:46.277 [main] WARN  c.b.m.core.metadata.TableInfoHelper - This "orderId" is the table primary key by @TableId annotation in Class: "com.zking.entity.Order",So @TableField annotation will not work!
18:08:46.310 [main] WARN  c.b.m.core.metadata.TableInfoHelper - This "scheduleId" is the table primary key by @TableId annotation in Class: "com.zking.entity.Schedule",So @TableField annotation will not work!
18:08:46.310 [main] WARN  c.b.m.core.metadata.TableInfoHelper - This primary key of "scheduleId" is primitive !不建议如此请使用包装类 in Class: "com.zking.entity.Schedule"
18:08:46.346 [main] WARN  c.b.m.core.metadata.TableInfoHelper - This "userId" is the table primary key by @TableId annotation in Class: "com.zking.entity.User",So @TableField annotation will not work!
18:18:41.925 [main] WARN  c.b.m.core.metadata.TableInfoHelper - This "hallId" is the table primary key by @TableId annotation in Class: "com.zking.entity.Hall",So @TableField annotation will not work!
18:18:41.925 [main] WARN  c.b.m.core.metadata.TableInfoHelper - This primary key of "hallId" is primitive !不建议如此请使用包装类 in Class: "com.zking.entity.Hall"
18:18:42.006 [main] WARN  c.b.m.core.metadata.TableInfoHelper - This "cinemaId" is the table primary key by @TableId annotation in Class: "com.zking.entity.Cinema",So @TableField annotation will not work!
18:18:42.007 [main] WARN  c.b.m.core.metadata.TableInfoHelper - This primary key of "cinemaId" is primitive !不建议如此请使用包装类 in Class: "com.zking.entity.Cinema"
18:18:42.060 [main] WARN  c.b.m.core.metadata.TableInfoHelper - This primary key of "movieId" is primitive !不建议如此请使用包装类 in Class: "com.zking.entity.Movie"
18:18:42.097 [main] WARN  c.b.m.core.metadata.TableInfoHelper - Can not find table primary key in Class: "com.zking.entity.MovieType".
18:18:42.097 [main] WARN  c.b.m.c.injector.DefaultSqlInjector - class com.zking.entity.MovieType ,Not found @TableId annotation, Cannot use Mybatis-Plus 'xxById' Method.
18:18:42.124 [main] WARN  c.b.m.core.metadata.TableInfoHelper - This "orderId" is the table primary key by @TableId annotation in Class: "com.zking.entity.Order",So @TableField annotation will not work!
18:18:42.163 [main] WARN  c.b.m.core.metadata.TableInfoHelper - This "scheduleId" is the table primary key by @TableId annotation in Class: "com.zking.entity.Schedule",So @TableField annotation will not work!
18:18:42.164 [main] WARN  c.b.m.core.metadata.TableInfoHelper - This primary key of "scheduleId" is primitive !不建议如此请使用包装类 in Class: "com.zking.entity.Schedule"
18:18:42.191 [main] WARN  c.b.m.core.metadata.TableInfoHelper - This "userId" is the table primary key by @TableId annotation in Class: "com.zking.entity.User",So @TableField annotation will not work!
19:34:55.947 [main] WARN  c.b.m.core.metadata.TableInfoHelper - This "hallId" is the table primary key by @TableId annotation in Class: "com.zking.entity.Hall",So @TableField annotation will not work!
19:34:55.948 [main] WARN  c.b.m.core.metadata.TableInfoHelper - This primary key of "hallId" is primitive !不建议如此请使用包装类 in Class: "com.zking.entity.Hall"
19:34:56.040 [main] WARN  c.b.m.core.metadata.TableInfoHelper - This "cinemaId" is the table primary key by @TableId annotation in Class: "com.zking.entity.Cinema",So @TableField annotation will not work!
19:34:56.040 [main] WARN  c.b.m.core.metadata.TableInfoHelper - This primary key of "cinemaId" is primitive !不建议如此请使用包装类 in Class: "com.zking.entity.Cinema"
19:34:56.082 [main] WARN  c.b.m.core.metadata.TableInfoHelper - This primary key of "movieId" is primitive !不建议如此请使用包装类 in Class: "com.zking.entity.Movie"
19:34:56.118 [main] WARN  c.b.m.core.metadata.TableInfoHelper - Can not find table primary key in Class: "com.zking.entity.MovieType".
19:34:56.118 [main] WARN  c.b.m.c.injector.DefaultSqlInjector - class com.zking.entity.MovieType ,Not found @TableId annotation, Cannot use Mybatis-Plus 'xxById' Method.
19:34:56.143 [main] WARN  c.b.m.core.metadata.TableInfoHelper - This "orderId" is the table primary key by @TableId annotation in Class: "com.zking.entity.Order",So @TableField annotation will not work!
19:34:56.187 [main] WARN  c.b.m.core.metadata.TableInfoHelper - This "scheduleId" is the table primary key by @TableId annotation in Class: "com.zking.entity.Schedule",So @TableField annotation will not work!
19:34:56.188 [main] WARN  c.b.m.core.metadata.TableInfoHelper - This primary key of "scheduleId" is primitive !不建议如此请使用包装类 in Class: "com.zking.entity.Schedule"
19:34:56.216 [main] WARN  c.b.m.core.metadata.TableInfoHelper - This "userId" is the table primary key by @TableId annotation in Class: "com.zking.entity.User",So @TableField annotation will not work!
20:32:16.219 [main] WARN  c.b.m.core.metadata.TableInfoHelper - This "hallId" is the table primary key by @TableId annotation in Class: "com.zking.entity.Hall",So @TableField annotation will not work!
20:32:16.220 [main] WARN  c.b.m.core.metadata.TableInfoHelper - This primary key of "hallId" is primitive !不建议如此请使用包装类 in Class: "com.zking.entity.Hall"
20:32:16.293 [main] WARN  c.b.m.core.metadata.TableInfoHelper - This "cinemaId" is the table primary key by @TableId annotation in Class: "com.zking.entity.Cinema",So @TableField annotation will not work!
20:32:16.293 [main] WARN  c.b.m.core.metadata.TableInfoHelper - This primary key of "cinemaId" is primitive !不建议如此请使用包装类 in Class: "com.zking.entity.Cinema"
20:32:16.357 [main] WARN  c.b.m.core.metadata.TableInfoHelper - This primary key of "movieId" is primitive !不建议如此请使用包装类 in Class: "com.zking.entity.Movie"
20:32:16.422 [main] WARN  c.b.m.core.metadata.TableInfoHelper - Can not find table primary key in Class: "com.zking.entity.MovieType".
20:32:16.422 [main] WARN  c.b.m.c.injector.DefaultSqlInjector - class com.zking.entity.MovieType ,Not found @TableId annotation, Cannot use Mybatis-Plus 'xxById' Method.
20:32:16.442 [main] WARN  c.b.m.core.metadata.TableInfoHelper - This "orderId" is the table primary key by @TableId annotation in Class: "com.zking.entity.Order",So @TableField annotation will not work!
20:32:16.479 [main] WARN  c.b.m.core.metadata.TableInfoHelper - This "scheduleId" is the table primary key by @TableId annotation in Class: "com.zking.entity.Schedule",So @TableField annotation will not work!
20:32:16.479 [main] WARN  c.b.m.core.metadata.TableInfoHelper - This primary key of "scheduleId" is primitive !不建议如此请使用包装类 in Class: "com.zking.entity.Schedule"
20:32:16.511 [main] WARN  c.b.m.core.metadata.TableInfoHelper - This "userId" is the table primary key by @TableId annotation in Class: "com.zking.entity.User",So @TableField annotation will not work!
