03:15:51.981 [main] WARN  c.b.m.core.metadata.TableInfoHelper - This "hallId" is the table primary key by @TableId annotation in Class: "com.zking.entity.Hall",So @TableField annotation will not work!
03:15:51.983 [main] WARN  c.b.m.core.metadata.TableInfoHelper - This primary key of "hallId" is primitive !不建议如此请使用包装类 in Class: "com.zking.entity.Hall"
03:15:52.043 [main] WARN  c.b.m.core.metadata.TableInfoHelper - This "cinemaId" is the table primary key by @TableId annotation in Class: "com.zking.entity.Cinema",So @TableField annotation will not work!
03:15:52.043 [main] WARN  c.b.m.core.metadata.TableInfoHelper - This primary key of "cinemaId" is primitive !不建议如此请使用包装类 in Class: "com.zking.entity.Cinema"
03:15:52.145 [main] WARN  c.b.m.core.metadata.TableInfoHelper - Can not find table primary key in Class: "com.zking.entity.MovieType".
03:15:52.145 [main] WARN  c.b.m.c.injector.DefaultSqlInjector - class com.zking.entity.MovieType ,Not found @TableId annotation, Cannot use Mybatis-Plus 'xxById' Method.
03:15:52.168 [main] WARN  c.b.m.core.metadata.TableInfoHelper - This "orderId" is the table primary key by @TableId annotation in Class: "com.zking.entity.Order",So @TableField annotation will not work!
03:15:52.197 [main] WARN  c.b.m.core.metadata.TableInfoHelper - This "scheduleId" is the table primary key by @TableId annotation in Class: "com.zking.entity.Schedule",So @TableField annotation will not work!
03:15:52.219 [main] WARN  c.b.m.core.metadata.TableInfoHelper - This "userId" is the table primary key by @TableId annotation in Class: "com.zking.entity.User",So @TableField annotation will not work!
03:21:43.947 [main] WARN  c.b.m.core.metadata.TableInfoHelper - This "hallId" is the table primary key by @TableId annotation in Class: "com.zking.entity.Hall",So @TableField annotation will not work!
03:21:43.949 [main] WARN  c.b.m.core.metadata.TableInfoHelper - This primary key of "hallId" is primitive !不建议如此请使用包装类 in Class: "com.zking.entity.Hall"
03:21:44.013 [main] WARN  c.b.m.core.metadata.TableInfoHelper - This "cinemaId" is the table primary key by @TableId annotation in Class: "com.zking.entity.Cinema",So @TableField annotation will not work!
03:21:44.013 [main] WARN  c.b.m.core.metadata.TableInfoHelper - This primary key of "cinemaId" is primitive !不建议如此请使用包装类 in Class: "com.zking.entity.Cinema"
03:21:44.109 [main] WARN  c.b.m.core.metadata.TableInfoHelper - Can not find table primary key in Class: "com.zking.entity.MovieType".
03:21:44.109 [main] WARN  c.b.m.c.injector.DefaultSqlInjector - class com.zking.entity.MovieType ,Not found @TableId annotation, Cannot use Mybatis-Plus 'xxById' Method.
03:21:44.143 [main] WARN  c.b.m.core.metadata.TableInfoHelper - This "orderId" is the table primary key by @TableId annotation in Class: "com.zking.entity.Order",So @TableField annotation will not work!
03:21:44.183 [main] WARN  c.b.m.core.metadata.TableInfoHelper - This "scheduleId" is the table primary key by @TableId annotation in Class: "com.zking.entity.Schedule",So @TableField annotation will not work!
03:21:44.220 [main] WARN  c.b.m.core.metadata.TableInfoHelper - This "userId" is the table primary key by @TableId annotation in Class: "com.zking.entity.User",So @TableField annotation will not work!
03:22:54.334 [main] WARN  c.b.m.core.metadata.TableInfoHelper - This "hallId" is the table primary key by @TableId annotation in Class: "com.zking.entity.Hall",So @TableField annotation will not work!
03:22:54.335 [main] WARN  c.b.m.core.metadata.TableInfoHelper - This primary key of "hallId" is primitive !不建议如此请使用包装类 in Class: "com.zking.entity.Hall"
03:22:54.421 [main] WARN  c.b.m.core.metadata.TableInfoHelper - This "cinemaId" is the table primary key by @TableId annotation in Class: "com.zking.entity.Cinema",So @TableField annotation will not work!
03:22:54.422 [main] WARN  c.b.m.core.metadata.TableInfoHelper - This primary key of "cinemaId" is primitive !不建议如此请使用包装类 in Class: "com.zking.entity.Cinema"
03:22:54.511 [main] WARN  c.b.m.core.metadata.TableInfoHelper - Can not find table primary key in Class: "com.zking.entity.MovieType".
03:22:54.512 [main] WARN  c.b.m.c.injector.DefaultSqlInjector - class com.zking.entity.MovieType ,Not found @TableId annotation, Cannot use Mybatis-Plus 'xxById' Method.
03:22:54.545 [main] WARN  c.b.m.core.metadata.TableInfoHelper - This "orderId" is the table primary key by @TableId annotation in Class: "com.zking.entity.Order",So @TableField annotation will not work!
03:22:54.593 [main] WARN  c.b.m.core.metadata.TableInfoHelper - This "scheduleId" is the table primary key by @TableId annotation in Class: "com.zking.entity.Schedule",So @TableField annotation will not work!
03:22:54.631 [main] WARN  c.b.m.core.metadata.TableInfoHelper - This "userId" is the table primary key by @TableId annotation in Class: "com.zking.entity.User",So @TableField annotation will not work!
