00:19:26.242 [main] WARN  c.b.m.core.metadata.TableInfoHelper - This "hallId" is the table primary key by @TableId annotation in Class: "com.zking.entity.Hall",So @TableField annotation will not work!
00:19:26.244 [main] WARN  c.b.m.core.metadata.TableInfoHelper - This primary key of "hallId" is primitive !不建议如此请使用包装类 in Class: "com.zking.entity.Hall"
00:19:26.333 [main] WARN  c.b.m.core.metadata.TableInfoHelper - This "cinemaId" is the table primary key by @TableId annotation in Class: "com.zking.entity.Cinema",So @TableField annotation will not work!
00:19:26.333 [main] WARN  c.b.m.core.metadata.TableInfoHelper - This primary key of "cinemaId" is primitive !不建议如此请使用包装类 in Class: "com.zking.entity.Cinema"
00:19:26.385 [main] WARN  c.b.m.core.metadata.TableInfoHelper - This primary key of "movieId" is primitive !不建议如此请使用包装类 in Class: "com.zking.entity.Movie"
00:19:26.463 [main] WARN  c.b.m.core.metadata.TableInfoHelper - This primary key of "user_id" is primitive !不建议如此请使用包装类 in Class: "com.zking.entity.User"
00:19:26.887 [main] WARN  c.b.m.core.metadata.TableInfoHelper - Can not find table primary key in Class: "com.zking.entity.MovieType".
00:19:26.887 [main] WARN  c.b.m.c.injector.DefaultSqlInjector - class com.zking.entity.MovieType ,Not found @TableId annotation, Cannot use Mybatis-Plus 'xxById' Method.
01:09:37.921 [main] WARN  c.b.m.core.metadata.TableInfoHelper - This "hallId" is the table primary key by @TableId annotation in Class: "com.zking.entity.Hall",So @TableField annotation will not work!
01:09:37.922 [main] WARN  c.b.m.core.metadata.TableInfoHelper - This primary key of "hallId" is primitive !不建议如此请使用包装类 in Class: "com.zking.entity.Hall"
01:09:38.008 [main] WARN  c.b.m.core.metadata.TableInfoHelper - This "cinemaId" is the table primary key by @TableId annotation in Class: "com.zking.entity.Cinema",So @TableField annotation will not work!
01:09:38.008 [main] WARN  c.b.m.core.metadata.TableInfoHelper - This primary key of "cinemaId" is primitive !不建议如此请使用包装类 in Class: "com.zking.entity.Cinema"
01:09:38.062 [main] WARN  c.b.m.core.metadata.TableInfoHelper - This primary key of "movieId" is primitive !不建议如此请使用包装类 in Class: "com.zking.entity.Movie"
01:09:38.133 [main] WARN  c.b.m.core.metadata.TableInfoHelper - Can not find table primary key in Class: "com.zking.entity.MovieType".
01:09:38.133 [main] WARN  c.b.m.c.injector.DefaultSqlInjector - class com.zking.entity.MovieType ,Not found @TableId annotation, Cannot use Mybatis-Plus 'xxById' Method.
01:09:38.193 [main] WARN  c.b.m.core.metadata.TableInfoHelper - This primary key of "user_id" is primitive !不建议如此请使用包装类 in Class: "com.zking.entity.User"
01:10:40.046 [main] WARN  c.b.m.core.metadata.TableInfoHelper - This "hallId" is the table primary key by @TableId annotation in Class: "com.zking.entity.Hall",So @TableField annotation will not work!
01:10:40.046 [main] WARN  c.b.m.core.metadata.TableInfoHelper - This primary key of "hallId" is primitive !不建议如此请使用包装类 in Class: "com.zking.entity.Hall"
01:10:40.112 [main] WARN  c.b.m.core.metadata.TableInfoHelper - This "cinemaId" is the table primary key by @TableId annotation in Class: "com.zking.entity.Cinema",So @TableField annotation will not work!
01:10:40.112 [main] WARN  c.b.m.core.metadata.TableInfoHelper - This primary key of "cinemaId" is primitive !不建议如此请使用包装类 in Class: "com.zking.entity.Cinema"
01:10:40.157 [main] WARN  c.b.m.core.metadata.TableInfoHelper - This primary key of "movieId" is primitive !不建议如此请使用包装类 in Class: "com.zking.entity.Movie"
01:10:40.202 [main] WARN  c.b.m.core.metadata.TableInfoHelper - Can not find table primary key in Class: "com.zking.entity.MovieType".
01:10:40.202 [main] WARN  c.b.m.c.injector.DefaultSqlInjector - class com.zking.entity.MovieType ,Not found @TableId annotation, Cannot use Mybatis-Plus 'xxById' Method.
01:10:40.257 [main] WARN  c.b.m.core.metadata.TableInfoHelper - This primary key of "user_id" is primitive !不建议如此请使用包装类 in Class: "com.zking.entity.User"
01:11:55.011 [main] WARN  c.b.m.core.metadata.TableInfoHelper - This "hallId" is the table primary key by @TableId annotation in Class: "com.zking.entity.Hall",So @TableField annotation will not work!
01:11:55.012 [main] WARN  c.b.m.core.metadata.TableInfoHelper - This primary key of "hallId" is primitive !不建议如此请使用包装类 in Class: "com.zking.entity.Hall"
01:11:55.088 [main] WARN  c.b.m.core.metadata.TableInfoHelper - This "cinemaId" is the table primary key by @TableId annotation in Class: "com.zking.entity.Cinema",So @TableField annotation will not work!
01:11:55.089 [main] WARN  c.b.m.core.metadata.TableInfoHelper - This primary key of "cinemaId" is primitive !不建议如此请使用包装类 in Class: "com.zking.entity.Cinema"
01:11:55.136 [main] WARN  c.b.m.core.metadata.TableInfoHelper - This primary key of "movieId" is primitive !不建议如此请使用包装类 in Class: "com.zking.entity.Movie"
01:11:55.183 [main] WARN  c.b.m.core.metadata.TableInfoHelper - Can not find table primary key in Class: "com.zking.entity.MovieType".
01:11:55.183 [main] WARN  c.b.m.c.injector.DefaultSqlInjector - class com.zking.entity.MovieType ,Not found @TableId annotation, Cannot use Mybatis-Plus 'xxById' Method.
01:11:55.234 [main] WARN  c.b.m.core.metadata.TableInfoHelper - This primary key of "user_id" is primitive !不建议如此请使用包装类 in Class: "com.zking.entity.User"
01:12:32.373 [main] WARN  c.b.m.core.metadata.TableInfoHelper - This "hallId" is the table primary key by @TableId annotation in Class: "com.zking.entity.Hall",So @TableField annotation will not work!
01:12:32.373 [main] WARN  c.b.m.core.metadata.TableInfoHelper - This primary key of "hallId" is primitive !不建议如此请使用包装类 in Class: "com.zking.entity.Hall"
01:12:32.457 [main] WARN  c.b.m.core.metadata.TableInfoHelper - This "cinemaId" is the table primary key by @TableId annotation in Class: "com.zking.entity.Cinema",So @TableField annotation will not work!
01:12:32.457 [main] WARN  c.b.m.core.metadata.TableInfoHelper - This primary key of "cinemaId" is primitive !不建议如此请使用包装类 in Class: "com.zking.entity.Cinema"
01:12:32.510 [main] WARN  c.b.m.core.metadata.TableInfoHelper - This primary key of "movieId" is primitive !不建议如此请使用包装类 in Class: "com.zking.entity.Movie"
01:12:32.556 [main] WARN  c.b.m.core.metadata.TableInfoHelper - Can not find table primary key in Class: "com.zking.entity.MovieType".
01:12:32.556 [main] WARN  c.b.m.c.injector.DefaultSqlInjector - class com.zking.entity.MovieType ,Not found @TableId annotation, Cannot use Mybatis-Plus 'xxById' Method.
01:12:32.602 [main] WARN  c.b.m.core.metadata.TableInfoHelper - This primary key of "user_id" is primitive !不建议如此请使用包装类 in Class: "com.zking.entity.User"
01:14:11.292 [main] WARN  c.b.m.core.metadata.TableInfoHelper - This "hallId" is the table primary key by @TableId annotation in Class: "com.zking.entity.Hall",So @TableField annotation will not work!
01:14:11.293 [main] WARN  c.b.m.core.metadata.TableInfoHelper - This primary key of "hallId" is primitive !不建议如此请使用包装类 in Class: "com.zking.entity.Hall"
01:14:11.376 [main] WARN  c.b.m.core.metadata.TableInfoHelper - This "cinemaId" is the table primary key by @TableId annotation in Class: "com.zking.entity.Cinema",So @TableField annotation will not work!
01:14:11.377 [main] WARN  c.b.m.core.metadata.TableInfoHelper - This primary key of "cinemaId" is primitive !不建议如此请使用包装类 in Class: "com.zking.entity.Cinema"
01:14:11.433 [main] WARN  c.b.m.core.metadata.TableInfoHelper - This primary key of "movieId" is primitive !不建议如此请使用包装类 in Class: "com.zking.entity.Movie"
01:14:11.499 [main] WARN  c.b.m.core.metadata.TableInfoHelper - Can not find table primary key in Class: "com.zking.entity.MovieType".
01:14:11.499 [main] WARN  c.b.m.c.injector.DefaultSqlInjector - class com.zking.entity.MovieType ,Not found @TableId annotation, Cannot use Mybatis-Plus 'xxById' Method.
01:14:11.575 [main] WARN  c.b.m.core.metadata.TableInfoHelper - This primary key of "user_id" is primitive !不建议如此请使用包装类 in Class: "com.zking.entity.User"
01:15:12.961 [main] WARN  c.b.m.core.metadata.TableInfoHelper - This "hallId" is the table primary key by @TableId annotation in Class: "com.zking.entity.Hall",So @TableField annotation will not work!
01:15:12.962 [main] WARN  c.b.m.core.metadata.TableInfoHelper - This primary key of "hallId" is primitive !不建议如此请使用包装类 in Class: "com.zking.entity.Hall"
01:15:13.041 [main] WARN  c.b.m.core.metadata.TableInfoHelper - This "cinemaId" is the table primary key by @TableId annotation in Class: "com.zking.entity.Cinema",So @TableField annotation will not work!
01:15:13.041 [main] WARN  c.b.m.core.metadata.TableInfoHelper - This primary key of "cinemaId" is primitive !不建议如此请使用包装类 in Class: "com.zking.entity.Cinema"
01:15:13.082 [main] WARN  c.b.m.core.metadata.TableInfoHelper - This primary key of "movieId" is primitive !不建议如此请使用包装类 in Class: "com.zking.entity.Movie"
01:15:13.131 [main] WARN  c.b.m.core.metadata.TableInfoHelper - Can not find table primary key in Class: "com.zking.entity.MovieType".
01:15:13.131 [main] WARN  c.b.m.c.injector.DefaultSqlInjector - class com.zking.entity.MovieType ,Not found @TableId annotation, Cannot use Mybatis-Plus 'xxById' Method.
01:15:13.174 [main] WARN  c.b.m.core.metadata.TableInfoHelper - This primary key of "user_id" is primitive !不建议如此请使用包装类 in Class: "com.zking.entity.User"
01:17:30.844 [main] WARN  c.b.m.core.metadata.TableInfoHelper - This "hallId" is the table primary key by @TableId annotation in Class: "com.zking.entity.Hall",So @TableField annotation will not work!
01:17:30.845 [main] WARN  c.b.m.core.metadata.TableInfoHelper - This primary key of "hallId" is primitive !不建议如此请使用包装类 in Class: "com.zking.entity.Hall"
01:17:30.919 [main] WARN  c.b.m.core.metadata.TableInfoHelper - This "cinemaId" is the table primary key by @TableId annotation in Class: "com.zking.entity.Cinema",So @TableField annotation will not work!
01:17:30.920 [main] WARN  c.b.m.core.metadata.TableInfoHelper - This primary key of "cinemaId" is primitive !不建议如此请使用包装类 in Class: "com.zking.entity.Cinema"
01:17:30.964 [main] WARN  c.b.m.core.metadata.TableInfoHelper - This primary key of "movieId" is primitive !不建议如此请使用包装类 in Class: "com.zking.entity.Movie"
01:17:31.003 [main] WARN  c.b.m.core.metadata.TableInfoHelper - Can not find table primary key in Class: "com.zking.entity.MovieType".
01:17:31.004 [main] WARN  c.b.m.c.injector.DefaultSqlInjector - class com.zking.entity.MovieType ,Not found @TableId annotation, Cannot use Mybatis-Plus 'xxById' Method.
01:17:31.056 [main] WARN  c.b.m.core.metadata.TableInfoHelper - This primary key of "user_id" is primitive !不建议如此请使用包装类 in Class: "com.zking.entity.User"
01:18:17.476 [main] WARN  c.b.m.core.metadata.TableInfoHelper - This "hallId" is the table primary key by @TableId annotation in Class: "com.zking.entity.Hall",So @TableField annotation will not work!
01:18:17.477 [main] WARN  c.b.m.core.metadata.TableInfoHelper - This primary key of "hallId" is primitive !不建议如此请使用包装类 in Class: "com.zking.entity.Hall"
01:18:17.556 [main] WARN  c.b.m.core.metadata.TableInfoHelper - This "cinemaId" is the table primary key by @TableId annotation in Class: "com.zking.entity.Cinema",So @TableField annotation will not work!
01:18:17.556 [main] WARN  c.b.m.core.metadata.TableInfoHelper - This primary key of "cinemaId" is primitive !不建议如此请使用包装类 in Class: "com.zking.entity.Cinema"
01:18:17.611 [main] WARN  c.b.m.core.metadata.TableInfoHelper - This primary key of "movieId" is primitive !不建议如此请使用包装类 in Class: "com.zking.entity.Movie"
01:18:17.654 [main] WARN  c.b.m.core.metadata.TableInfoHelper - Can not find table primary key in Class: "com.zking.entity.MovieType".
01:18:17.655 [main] WARN  c.b.m.c.injector.DefaultSqlInjector - class com.zking.entity.MovieType ,Not found @TableId annotation, Cannot use Mybatis-Plus 'xxById' Method.
01:18:17.719 [main] WARN  c.b.m.core.metadata.TableInfoHelper - This primary key of "user_id" is primitive !不建议如此请使用包装类 in Class: "com.zking.entity.User"
01:18:28.459 [main] WARN  c.b.m.core.metadata.TableInfoHelper - This "hallId" is the table primary key by @TableId annotation in Class: "com.zking.entity.Hall",So @TableField annotation will not work!
01:18:28.460 [main] WARN  c.b.m.core.metadata.TableInfoHelper - This primary key of "hallId" is primitive !不建议如此请使用包装类 in Class: "com.zking.entity.Hall"
01:18:28.523 [main] WARN  c.b.m.core.metadata.TableInfoHelper - This "cinemaId" is the table primary key by @TableId annotation in Class: "com.zking.entity.Cinema",So @TableField annotation will not work!
01:18:28.524 [main] WARN  c.b.m.core.metadata.TableInfoHelper - This primary key of "cinemaId" is primitive !不建议如此请使用包装类 in Class: "com.zking.entity.Cinema"
01:18:28.581 [main] WARN  c.b.m.core.metadata.TableInfoHelper - This primary key of "movieId" is primitive !不建议如此请使用包装类 in Class: "com.zking.entity.Movie"
01:18:28.628 [main] WARN  c.b.m.core.metadata.TableInfoHelper - Can not find table primary key in Class: "com.zking.entity.MovieType".
01:18:28.629 [main] WARN  c.b.m.c.injector.DefaultSqlInjector - class com.zking.entity.MovieType ,Not found @TableId annotation, Cannot use Mybatis-Plus 'xxById' Method.
01:18:28.685 [main] WARN  c.b.m.core.metadata.TableInfoHelper - This primary key of "user_id" is primitive !不建议如此请使用包装类 in Class: "com.zking.entity.User"
01:18:50.540 [main] WARN  c.b.m.core.metadata.TableInfoHelper - This "hallId" is the table primary key by @TableId annotation in Class: "com.zking.entity.Hall",So @TableField annotation will not work!
01:18:50.542 [main] WARN  c.b.m.core.metadata.TableInfoHelper - This primary key of "hallId" is primitive !不建议如此请使用包装类 in Class: "com.zking.entity.Hall"
01:18:50.609 [main] WARN  c.b.m.core.metadata.TableInfoHelper - This "cinemaId" is the table primary key by @TableId annotation in Class: "com.zking.entity.Cinema",So @TableField annotation will not work!
01:18:50.609 [main] WARN  c.b.m.core.metadata.TableInfoHelper - This primary key of "cinemaId" is primitive !不建议如此请使用包装类 in Class: "com.zking.entity.Cinema"
01:18:50.663 [main] WARN  c.b.m.core.metadata.TableInfoHelper - This primary key of "movieId" is primitive !不建议如此请使用包装类 in Class: "com.zking.entity.Movie"
01:18:50.720 [main] WARN  c.b.m.core.metadata.TableInfoHelper - Can not find table primary key in Class: "com.zking.entity.MovieType".
01:18:50.720 [main] WARN  c.b.m.c.injector.DefaultSqlInjector - class com.zking.entity.MovieType ,Not found @TableId annotation, Cannot use Mybatis-Plus 'xxById' Method.
01:18:50.783 [main] WARN  c.b.m.core.metadata.TableInfoHelper - This primary key of "user_id" is primitive !不建议如此请使用包装类 in Class: "com.zking.entity.User"
02:09:56.605 [main] WARN  c.b.m.core.metadata.TableInfoHelper - This "hallId" is the table primary key by @TableId annotation in Class: "com.zking.entity.Hall",So @TableField annotation will not work!
02:09:56.607 [main] WARN  c.b.m.core.metadata.TableInfoHelper - This primary key of "hallId" is primitive !不建议如此请使用包装类 in Class: "com.zking.entity.Hall"
02:09:56.687 [main] WARN  c.b.m.core.metadata.TableInfoHelper - This "cinemaId" is the table primary key by @TableId annotation in Class: "com.zking.entity.Cinema",So @TableField annotation will not work!
02:09:56.687 [main] WARN  c.b.m.core.metadata.TableInfoHelper - This primary key of "cinemaId" is primitive !不建议如此请使用包装类 in Class: "com.zking.entity.Cinema"
02:09:56.745 [main] WARN  c.b.m.core.metadata.TableInfoHelper - This primary key of "movieId" is primitive !不建议如此请使用包装类 in Class: "com.zking.entity.Movie"
02:09:56.792 [main] WARN  c.b.m.core.metadata.TableInfoHelper - Can not find table primary key in Class: "com.zking.entity.MovieType".
02:09:56.792 [main] WARN  c.b.m.c.injector.DefaultSqlInjector - class com.zking.entity.MovieType ,Not found @TableId annotation, Cannot use Mybatis-Plus 'xxById' Method.
02:09:56.864 [main] WARN  c.b.m.core.metadata.TableInfoHelper - This primary key of "user_id" is primitive !不建议如此请使用包装类 in Class: "com.zking.entity.User"
09:49:18.054 [main] WARN  c.b.m.core.metadata.TableInfoHelper - This "hallId" is the table primary key by @TableId annotation in Class: "com.zking.entity.Hall",So @TableField annotation will not work!
09:49:18.056 [main] WARN  c.b.m.core.metadata.TableInfoHelper - This primary key of "hallId" is primitive !不建议如此请使用包装类 in Class: "com.zking.entity.Hall"
09:49:18.209 [main] WARN  c.b.m.core.metadata.TableInfoHelper - This "cinemaId" is the table primary key by @TableId annotation in Class: "com.zking.entity.Cinema",So @TableField annotation will not work!
09:49:18.210 [main] WARN  c.b.m.core.metadata.TableInfoHelper - This primary key of "cinemaId" is primitive !不建议如此请使用包装类 in Class: "com.zking.entity.Cinema"
09:49:18.269 [main] WARN  c.b.m.core.metadata.TableInfoHelper - This primary key of "movieId" is primitive !不建议如此请使用包装类 in Class: "com.zking.entity.Movie"
09:49:18.328 [main] WARN  c.b.m.core.metadata.TableInfoHelper - Can not find table primary key in Class: "com.zking.entity.MovieType".
09:49:18.328 [main] WARN  c.b.m.c.injector.DefaultSqlInjector - class com.zking.entity.MovieType ,Not found @TableId annotation, Cannot use Mybatis-Plus 'xxById' Method.
09:49:18.372 [main] WARN  c.b.m.core.metadata.TableInfoHelper - This "scheduleId" is the table primary key by @TableId annotation in Class: "com.zking.entity.Schedule",So @TableField annotation will not work!
09:49:18.372 [main] WARN  c.b.m.core.metadata.TableInfoHelper - This primary key of "scheduleId" is primitive !不建议如此请使用包装类 in Class: "com.zking.entity.Schedule"
09:49:18.429 [main] WARN  c.b.m.core.metadata.TableInfoHelper - This primary key of "user_id" is primitive !不建议如此请使用包装类 in Class: "com.zking.entity.User"
10:09:31.412 [main] WARN  c.b.m.core.metadata.TableInfoHelper - This "hallId" is the table primary key by @TableId annotation in Class: "com.zking.entity.Hall",So @TableField annotation will not work!
10:09:31.413 [main] WARN  c.b.m.core.metadata.TableInfoHelper - This primary key of "hallId" is primitive !不建议如此请使用包装类 in Class: "com.zking.entity.Hall"
10:09:31.506 [main] WARN  c.b.m.core.metadata.TableInfoHelper - This "cinemaId" is the table primary key by @TableId annotation in Class: "com.zking.entity.Cinema",So @TableField annotation will not work!
10:09:31.506 [main] WARN  c.b.m.core.metadata.TableInfoHelper - This primary key of "cinemaId" is primitive !不建议如此请使用包装类 in Class: "com.zking.entity.Cinema"
10:09:31.554 [main] WARN  c.b.m.core.metadata.TableInfoHelper - This primary key of "movieId" is primitive !不建议如此请使用包装类 in Class: "com.zking.entity.Movie"
10:09:31.601 [main] WARN  c.b.m.core.metadata.TableInfoHelper - Can not find table primary key in Class: "com.zking.entity.MovieType".
10:09:31.602 [main] WARN  c.b.m.c.injector.DefaultSqlInjector - class com.zking.entity.MovieType ,Not found @TableId annotation, Cannot use Mybatis-Plus 'xxById' Method.
10:09:31.637 [main] WARN  c.b.m.core.metadata.TableInfoHelper - This "scheduleId" is the table primary key by @TableId annotation in Class: "com.zking.entity.Schedule",So @TableField annotation will not work!
10:09:31.638 [main] WARN  c.b.m.core.metadata.TableInfoHelper - This primary key of "scheduleId" is primitive !不建议如此请使用包装类 in Class: "com.zking.entity.Schedule"
10:09:31.677 [main] WARN  c.b.m.core.metadata.TableInfoHelper - This primary key of "user_id" is primitive !不建议如此请使用包装类 in Class: "com.zking.entity.User"
13:34:29.538 [main] WARN  c.b.m.core.metadata.TableInfoHelper - This "hallId" is the table primary key by @TableId annotation in Class: "com.zking.entity.Hall",So @TableField annotation will not work!
13:34:29.540 [main] WARN  c.b.m.core.metadata.TableInfoHelper - This primary key of "hallId" is primitive !不建议如此请使用包装类 in Class: "com.zking.entity.Hall"
13:34:29.640 [main] WARN  c.b.m.core.metadata.TableInfoHelper - This "cinemaId" is the table primary key by @TableId annotation in Class: "com.zking.entity.Cinema",So @TableField annotation will not work!
13:34:29.640 [main] WARN  c.b.m.core.metadata.TableInfoHelper - This primary key of "cinemaId" is primitive !不建议如此请使用包装类 in Class: "com.zking.entity.Cinema"
13:34:29.693 [main] WARN  c.b.m.core.metadata.TableInfoHelper - This primary key of "movieId" is primitive !不建议如此请使用包装类 in Class: "com.zking.entity.Movie"
13:34:29.756 [main] WARN  c.b.m.core.metadata.TableInfoHelper - Can not find table primary key in Class: "com.zking.entity.MovieType".
13:34:29.756 [main] WARN  c.b.m.c.injector.DefaultSqlInjector - class com.zking.entity.MovieType ,Not found @TableId annotation, Cannot use Mybatis-Plus 'xxById' Method.
13:34:29.786 [main] WARN  c.b.m.core.metadata.TableInfoHelper - This "scheduleId" is the table primary key by @TableId annotation in Class: "com.zking.entity.Schedule",So @TableField annotation will not work!
13:34:29.786 [main] WARN  c.b.m.core.metadata.TableInfoHelper - This primary key of "scheduleId" is primitive !不建议如此请使用包装类 in Class: "com.zking.entity.Schedule"
13:34:29.818 [main] WARN  c.b.m.core.metadata.TableInfoHelper - This primary key of "user_id" is primitive !不建议如此请使用包装类 in Class: "com.zking.entity.User"
13:37:28.136 [main] WARN  c.b.m.core.metadata.TableInfoHelper - This "hallId" is the table primary key by @TableId annotation in Class: "com.zking.entity.Hall",So @TableField annotation will not work!
13:37:28.137 [main] WARN  c.b.m.core.metadata.TableInfoHelper - This primary key of "hallId" is primitive !不建议如此请使用包装类 in Class: "com.zking.entity.Hall"
13:37:28.238 [main] WARN  c.b.m.core.metadata.TableInfoHelper - This "cinemaId" is the table primary key by @TableId annotation in Class: "com.zking.entity.Cinema",So @TableField annotation will not work!
13:37:28.239 [main] WARN  c.b.m.core.metadata.TableInfoHelper - This primary key of "cinemaId" is primitive !不建议如此请使用包装类 in Class: "com.zking.entity.Cinema"
13:37:28.310 [main] WARN  c.b.m.core.metadata.TableInfoHelper - This primary key of "movieId" is primitive !不建议如此请使用包装类 in Class: "com.zking.entity.Movie"
13:37:28.356 [main] WARN  c.b.m.core.metadata.TableInfoHelper - Can not find table primary key in Class: "com.zking.entity.MovieType".
13:37:28.357 [main] WARN  c.b.m.c.injector.DefaultSqlInjector - class com.zking.entity.MovieType ,Not found @TableId annotation, Cannot use Mybatis-Plus 'xxById' Method.
13:37:28.391 [main] WARN  c.b.m.core.metadata.TableInfoHelper - This "scheduleId" is the table primary key by @TableId annotation in Class: "com.zking.entity.Schedule",So @TableField annotation will not work!
13:37:28.391 [main] WARN  c.b.m.core.metadata.TableInfoHelper - This primary key of "scheduleId" is primitive !不建议如此请使用包装类 in Class: "com.zking.entity.Schedule"
13:37:28.428 [main] WARN  c.b.m.core.metadata.TableInfoHelper - This "userId" is the table primary key by @TableId annotation in Class: "com.zking.entity.User",So @TableField annotation will not work!
13:37:28.428 [main] WARN  c.b.m.core.metadata.TableInfoHelper - This primary key of "userId" is primitive !不建议如此请使用包装类 in Class: "com.zking.entity.User"
13:37:43.976 [main] WARN  c.b.m.core.metadata.TableInfoHelper - This "hallId" is the table primary key by @TableId annotation in Class: "com.zking.entity.Hall",So @TableField annotation will not work!
13:37:43.977 [main] WARN  c.b.m.core.metadata.TableInfoHelper - This primary key of "hallId" is primitive !不建议如此请使用包装类 in Class: "com.zking.entity.Hall"
13:37:44.079 [main] WARN  c.b.m.core.metadata.TableInfoHelper - This "cinemaId" is the table primary key by @TableId annotation in Class: "com.zking.entity.Cinema",So @TableField annotation will not work!
13:37:44.079 [main] WARN  c.b.m.core.metadata.TableInfoHelper - This primary key of "cinemaId" is primitive !不建议如此请使用包装类 in Class: "com.zking.entity.Cinema"
13:37:44.136 [main] WARN  c.b.m.core.metadata.TableInfoHelper - This primary key of "movieId" is primitive !不建议如此请使用包装类 in Class: "com.zking.entity.Movie"
13:37:44.190 [main] WARN  c.b.m.core.metadata.TableInfoHelper - Can not find table primary key in Class: "com.zking.entity.MovieType".
13:37:44.191 [main] WARN  c.b.m.c.injector.DefaultSqlInjector - class com.zking.entity.MovieType ,Not found @TableId annotation, Cannot use Mybatis-Plus 'xxById' Method.
13:37:44.238 [main] WARN  c.b.m.core.metadata.TableInfoHelper - This "scheduleId" is the table primary key by @TableId annotation in Class: "com.zking.entity.Schedule",So @TableField annotation will not work!
13:37:44.239 [main] WARN  c.b.m.core.metadata.TableInfoHelper - This primary key of "scheduleId" is primitive !不建议如此请使用包装类 in Class: "com.zking.entity.Schedule"
13:37:44.278 [main] WARN  c.b.m.core.metadata.TableInfoHelper - This "userId" is the table primary key by @TableId annotation in Class: "com.zking.entity.User",So @TableField annotation will not work!
13:37:44.279 [main] WARN  c.b.m.core.metadata.TableInfoHelper - This primary key of "userId" is primitive !不建议如此请使用包装类 in Class: "com.zking.entity.User"
13:37:53.627 [main] WARN  c.b.m.core.metadata.TableInfoHelper - This "hallId" is the table primary key by @TableId annotation in Class: "com.zking.entity.Hall",So @TableField annotation will not work!
13:37:53.628 [main] WARN  c.b.m.core.metadata.TableInfoHelper - This primary key of "hallId" is primitive !不建议如此请使用包装类 in Class: "com.zking.entity.Hall"
13:37:53.721 [main] WARN  c.b.m.core.metadata.TableInfoHelper - This "cinemaId" is the table primary key by @TableId annotation in Class: "com.zking.entity.Cinema",So @TableField annotation will not work!
13:37:53.722 [main] WARN  c.b.m.core.metadata.TableInfoHelper - This primary key of "cinemaId" is primitive !不建议如此请使用包装类 in Class: "com.zking.entity.Cinema"
13:37:53.770 [main] WARN  c.b.m.core.metadata.TableInfoHelper - This primary key of "movieId" is primitive !不建议如此请使用包装类 in Class: "com.zking.entity.Movie"
13:37:53.813 [main] WARN  c.b.m.core.metadata.TableInfoHelper - Can not find table primary key in Class: "com.zking.entity.MovieType".
13:37:53.813 [main] WARN  c.b.m.c.injector.DefaultSqlInjector - class com.zking.entity.MovieType ,Not found @TableId annotation, Cannot use Mybatis-Plus 'xxById' Method.
13:37:53.845 [main] WARN  c.b.m.core.metadata.TableInfoHelper - This "scheduleId" is the table primary key by @TableId annotation in Class: "com.zking.entity.Schedule",So @TableField annotation will not work!
13:37:53.845 [main] WARN  c.b.m.core.metadata.TableInfoHelper - This primary key of "scheduleId" is primitive !不建议如此请使用包装类 in Class: "com.zking.entity.Schedule"
13:37:53.882 [main] WARN  c.b.m.core.metadata.TableInfoHelper - This "userId" is the table primary key by @TableId annotation in Class: "com.zking.entity.User",So @TableField annotation will not work!
13:37:53.882 [main] WARN  c.b.m.core.metadata.TableInfoHelper - This primary key of "userId" is primitive !不建议如此请使用包装类 in Class: "com.zking.entity.User"
